[debug] [2026-02-24T07:27:55.567Z] ----------------------------------------------------------------------
[debug] [2026-02-24T07:27:55.568Z] Command:       /usr/local/bin/node /Users/vedantlights/.npm/_npx/7750544ccf494d8b/node_modules/.bin/firebase deploy --only functions
[debug] [2026-02-24T07:27:55.568Z] CLI Version:   15.7.0
[debug] [2026-02-24T07:27:55.568Z] Platform:      darwin
[debug] [2026-02-24T07:27:55.568Z] Node Version:  v24.12.0
[debug] [2026-02-24T07:27:55.568Z] Time:          Tue Feb 24 2026 12:57:55 GMT+0530 (India Standard Time)
[debug] [2026-02-24T07:27:55.568Z] ----------------------------------------------------------------------
[debug] 
[debug] [2026-02-24T07:27:56.145Z] Object "" in "firebase.json" has unknown property: {"additionalProperty":"appdistribution"}
[debug] [2026-02-24T07:27:56.147Z] > command requires scopes: ["email","openid","https://www.googleapis.com/auth/cloudplatformprojects.readonly","https://www.googleapis.com/auth/firebase","https://www.googleapis.com/auth/cloud-platform"]
[debug] [2026-02-24T07:27:56.147Z] > authorizing via signed-in user (sneha@vedantlights.com)
[debug] [2026-02-24T07:27:56.147Z] [iam] checking project my-chat-box-ec5b0 for permissions ["cloudfunctions.functions.create","cloudfunctions.functions.delete","cloudfunctions.functions.get","cloudfunctions.functions.list","cloudfunctions.functions.update","cloudfunctions.operations.get","firebase.projects.get"]
[debug] [2026-02-24T07:27:56.147Z] Checked if tokens are valid: true, expires at: 1771920329236
[debug] [2026-02-24T07:27:56.147Z] Checked if tokens are valid: true, expires at: 1771920329236
[debug] [2026-02-24T07:27:56.148Z] >>> [apiv2][query] POST https://cloudresourcemanager.googleapis.com/v1/projects/my-chat-box-ec5b0:testIamPermissions [none]
[debug] [2026-02-24T07:27:56.148Z] >>> [apiv2][(partial)header] POST https://cloudresourcemanager.googleapis.com/v1/projects/my-chat-box-ec5b0:testIamPermissions  x-goog-user-project=my-chat-box-ec5b0
[debug] [2026-02-24T07:27:56.148Z] >>> [apiv2][body] POST https://cloudresourcemanager.googleapis.com/v1/projects/my-chat-box-ec5b0:testIamPermissions {"permissions":["cloudfunctions.functions.create","cloudfunctions.functions.delete","cloudfunctions.functions.get","cloudfunctions.functions.list","cloudfunctions.functions.update","cloudfunctions.operations.get","firebase.projects.get"]}
[debug] [2026-02-24T07:27:57.555Z] <<< [apiv2][status] POST https://cloudresourcemanager.googleapis.com/v1/projects/my-chat-box-ec5b0:testIamPermissions 200
[debug] [2026-02-24T07:27:57.555Z] <<< [apiv2][body] POST https://cloudresourcemanager.googleapis.com/v1/projects/my-chat-box-ec5b0:testIamPermissions {"permissions":["cloudfunctions.functions.create","cloudfunctions.functions.delete","cloudfunctions.functions.get","cloudfunctions.functions.list","cloudfunctions.functions.update","cloudfunctions.operations.get","firebase.projects.get"]}
[debug] [2026-02-24T07:27:57.556Z] Checked if tokens are valid: true, expires at: 1771920329236
[debug] [2026-02-24T07:27:57.556Z] Checked if tokens are valid: true, expires at: 1771920329236
[debug] [2026-02-24T07:27:57.556Z] >>> [apiv2][query] POST https://iam.googleapis.com/v1/projects/my-chat-box-ec5b0/serviceAccounts/my-chat-box-ec5b0@appspot.gserviceaccount.com:testIamPermissions [none]
[debug] [2026-02-24T07:27:57.556Z] >>> [apiv2][body] POST https://iam.googleapis.com/v1/projects/my-chat-box-ec5b0/serviceAccounts/my-chat-box-ec5b0@appspot.gserviceaccount.com:testIamPermissions {"permissions":["iam.serviceAccounts.actAs"]}
[debug] [2026-02-24T07:27:59.267Z] <<< [apiv2][status] POST https://iam.googleapis.com/v1/projects/my-chat-box-ec5b0/serviceAccounts/my-chat-box-ec5b0@appspot.gserviceaccount.com:testIamPermissions 200
[debug] [2026-02-24T07:27:59.268Z] <<< [apiv2][body] POST https://iam.googleapis.com/v1/projects/my-chat-box-ec5b0/serviceAccounts/my-chat-box-ec5b0@appspot.gserviceaccount.com:testIamPermissions {"permissions":["iam.serviceAccounts.actAs"]}
[info] 
[info] === Deploying to 'my-chat-box-ec5b0'...
[info] 
[info] i  deploying functions 
[debug] [2026-02-24T07:27:59.270Z] Checked if tokens are valid: true, expires at: 1771920329236
[debug] [2026-02-24T07:27:59.270Z] Checked if tokens are valid: true, expires at: 1771920329236
[debug] [2026-02-24T07:27:59.270Z] >>> [apiv2][query] GET https://cloudresourcemanager.googleapis.com/v1/projects/my-chat-box-ec5b0 [none]
[debug] [2026-02-24T07:27:59.568Z] <<< [apiv2][status] GET https://cloudresourcemanager.googleapis.com/v1/projects/my-chat-box-ec5b0 200
[debug] [2026-02-24T07:27:59.568Z] <<< [apiv2][body] GET https://cloudresourcemanager.googleapis.com/v1/projects/my-chat-box-ec5b0 {"projectNumber":"387721645160","projectId":"my-chat-box-ec5b0","lifecycleState":"ACTIVE","name":"My-Chat-Box","labels":{"firebase":"enabled","firebase-core":"disabled"},"createTime":"2025-12-16T10:09:03.627895Z","parent":{"type":"organization","id":"128541183443"}}
[info] i  functions: preparing codebase default for deployment 
[info] i  functions: ensuring required API cloudfunctions.googleapis.com is enabled... 
[info] i  functions: ensuring required API cloudbuild.googleapis.com is enabled... 
[info] i  artifactregistry: ensuring required API artifactregistry.googleapis.com is enabled... 
[debug] [2026-02-24T07:27:59.570Z] Checked if tokens are valid: true, expires at: 1771920329236
[debug] [2026-02-24T07:27:59.570Z] Checked if tokens are valid: true, expires at: 1771920329236
[debug] [2026-02-24T07:27:59.570Z] >>> [apiv2][query] GET https://firebase.googleapis.com/v1beta1/projects/my-chat-box-ec5b0/adminSdkConfig [none]
[debug] [2026-02-24T07:28:00.446Z] <<< [apiv2][status] GET https://firebase.googleapis.com/v1beta1/projects/my-chat-box-ec5b0/adminSdkConfig 200
[debug] [2026-02-24T07:28:00.446Z] <<< [apiv2][body] GET https://firebase.googleapis.com/v1beta1/projects/my-chat-box-ec5b0/adminSdkConfig {"projectId":"my-chat-box-ec5b0","storageBucket":"my-chat-box-ec5b0.firebasestorage.app"}
[debug] [2026-02-24T07:28:00.447Z] Checked if tokens are valid: true, expires at: 1771920329236
[debug] [2026-02-24T07:28:00.447Z] Checked if tokens are valid: true, expires at: 1771920329236
[debug] [2026-02-24T07:28:00.447Z] >>> [apiv2][query] GET https://runtimeconfig.googleapis.com/v1beta1/projects/my-chat-box-ec5b0/configs [none]
[debug] [2026-02-24T07:28:00.824Z] <<< [apiv2][status] GET https://runtimeconfig.googleapis.com/v1beta1/projects/my-chat-box-ec5b0/configs 200
[debug] [2026-02-24T07:28:00.824Z] <<< [apiv2][body] GET https://runtimeconfig.googleapis.com/v1beta1/projects/my-chat-box-ec5b0/configs {}
[debug] [2026-02-24T07:28:00.825Z] Validating nodejs source
[warn] ⚠  functions: package.json indicates an outdated version of firebase-functions. Please upgrade using npm install --save firebase-functions@latest in your functions directory. 
[warn] ⚠  functions: Please note that there will be breaking changes when you upgrade. 
[debug] [2026-02-24T07:28:01.078Z] > [functions] package.json contents: {
  "name": "functions",
  "scripts": {
    "lint": "eslint",
    "build": "tsc",
    "build:watch": "tsc --watch",
    "serve": "npm run build && firebase emulators:start --only functions",
    "shell": "npm run build && firebase functions:shell",
    "start": "npm run shell",
    "deploy": "firebase deploy --only functions",
    "logs": "firebase functions:log"
  },
  "engines": {
    "node": "22"
  },
  "main": "lib/index.js",
  "dependencies": {
    "dotenv": "^16.6.1",
    "firebase-admin": "^11.5.0",
    "firebase-functions": "^4.2.0"
  },
  "devDependencies": {
    "@typescript-eslint/eslint-plugin": "^5.12.0",
    "@typescript-eslint/parser": "^5.12.0",
    "eslint": "^8.9.0",
    "eslint-config-google": "^0.14.0",
    "eslint-plugin-import": "^2.25.4",
    "firebase-functions-test": "^3.0.0",
    "typescript": "^4.9.0"
  },
  "private": true
}
[debug] [2026-02-24T07:28:01.078Z] Building nodejs source
[info] i  functions: Loading and analyzing source code for codebase default to determine what to deploy 
[info] i  functions: You are using a version of firebase-functions SDK (4.9.0) that does not have support for the newest Firebase Extensions features. Please update firebase-functions SDK to >=5.1.0 to use them correctly 
[debug] [2026-02-24T07:28:01.078Z] Could not find functions.yaml. Must use http discovery
[debug] [2026-02-24T07:28:01.081Z] Found firebase-functions binary at '/Users/vedantlights/Documents/GitHub/App-Code/functions/node_modules/.bin/firebase-functions'
[info] Serving at port 8929

[debug] [2026-02-24T07:28:01.271Z] Got response from /__/functions.yaml {"endpoints":{"onChatMessageCreated":{"platform":"gcfv1","availableMemoryMb":null,"timeoutSeconds":null,"minInstances":null,"maxInstances":null,"ingressSettings":null,"serviceAccountEmail":null,"vpc":null,"eventTrigger":{"eventType":"providers/cloud.firestore/eventTypes/document.create","eventFilters":{"resource":"projects/my-chat-box-ec5b0/databases/(default)/documents/chats/{chatRoomId}/messages/{messageId}"},"retry":false},"labels":{},"entryPoint":"onChatMessageCreated"}},"specVersion":"v1alpha1","requiredAPIs":[]}
[info] i  functions: Loaded environment variables from .env. 
[info] i  functions: preparing functions directory for uploading... 
[info] i  functions: packaged /Users/vedantlights/Documents/GitHub/App-Code/functions (101.93 KB) for uploading 
[debug] [2026-02-24T07:28:05.303Z] Checked if tokens are valid: true, expires at: 1771920329236
[debug] [2026-02-24T07:28:05.303Z] Checked if tokens are valid: true, expires at: 1771920329236
[debug] [2026-02-24T07:28:05.303Z] >>> [apiv2][query] GET https://cloudfunctions.googleapis.com/v1/projects/my-chat-box-ec5b0/locations/-/functions [none]
[debug] [2026-02-24T07:28:06.116Z] <<< [apiv2][status] GET https://cloudfunctions.googleapis.com/v1/projects/my-chat-box-ec5b0/locations/-/functions 200
[debug] [2026-02-24T07:28:06.116Z] <<< [apiv2][body] GET https://cloudfunctions.googleapis.com/v1/projects/my-chat-box-ec5b0/locations/-/functions {"functions":[{"name":"projects/my-chat-box-ec5b0/locations/us-central1/functions/onChatMessageCreated","eventTrigger":{"eventType":"providers/cloud.firestore/eventTypes/document.create","resource":"projects/my-chat-box-ec5b0/databases/(default)/documents/chats/{chatRoomId}/messages/{messageId}","service":"firestore.googleapis.com","failurePolicy":{}},"status":"ACTIVE","entryPoint":"onChatMessageCreated","timeout":"60s","availableMemoryMb":256,"serviceAccountEmail":"my-chat-box-ec5b0@appspot.gserviceaccount.com","updateTime":"2026-02-24T07:14:26Z","versionId":"8","labels":{"deployment-tool":"cli-firebase","firebase-functions-hash":"2c40bbc47cc9956ea84624f0c00fadc259b393e1"},"sourceUploadUrl":"https://storage.googleapis.com/uploads-249802210469.us-central1.cloudfunctions.appspot.com/3efe6481-56b7-4042-88ea-36288828c131.zip","environmentVariables":{"BACKEND_URL":"https://360coordinates.com/backend","BACKEND_FCM_SECRET":"V1d2a3n4t@2020","FIREBASE_CONFIG":"{\"projectId\":\"my-chat-box-ec5b0\",\"storageBucket\":\"my-chat-box-ec5b0.firebasestorage.app\"}","GCLOUD_PROJECT":"my-chat-box-ec5b0","EVENTARC_CLOUD_EVENT_SOURCE":"projects/my-chat-box-ec5b0/locations/us-central1/functions/onChatMessageCreated"},"runtime":"nodejs22","maxInstances":3000,"ingressSettings":"ALLOW_ALL","buildId":"03e47722-7519-4522-bded-fff480a85b55","buildEnvironmentVariables":{"GOOGLE_NODE_RUN_SCRIPTS":""},"buildName":"projects/387721645160/locations/us-central1/builds/03e47722-7519-4522-bded-fff480a85b55","dockerRegistry":"ARTIFACT_REGISTRY","automaticUpdatePolicy":{},"buildServiceAccount":"projects/my-chat-box-ec5b0/serviceAccounts/387721645160-compute@developer.gserviceaccount.com","satisfiesPzi":true}]}
[debug] [2026-02-24T07:28:06.117Z] Checked if tokens are valid: true, expires at: 1771920329236
[debug] [2026-02-24T07:28:06.117Z] Checked if tokens are valid: true, expires at: 1771920329236
[debug] [2026-02-24T07:28:06.117Z] >>> [apiv2][query] GET https://cloudfunctions.googleapis.com/v2/projects/my-chat-box-ec5b0/locations/-/functions filter=environment%3D%22GEN_2%22
[debug] [2026-02-24T07:28:07.796Z] <<< [apiv2][status] GET https://cloudfunctions.googleapis.com/v2/projects/my-chat-box-ec5b0/locations/-/functions 200
[debug] [2026-02-24T07:28:07.796Z] <<< [apiv2][body] GET https://cloudfunctions.googleapis.com/v2/projects/my-chat-box-ec5b0/locations/-/functions {}
[debug] [2026-02-24T07:28:07.799Z] Checked if tokens are valid: true, expires at: 1771920329236
[debug] [2026-02-24T07:28:07.800Z] Checked if tokens are valid: true, expires at: 1771920329236
[debug] [2026-02-24T07:28:07.800Z] >>> [apiv2][query] GET https://cloudresourcemanager.googleapis.com/v1/projects/my-chat-box-ec5b0 [none]
[debug] [2026-02-24T07:28:09.223Z] <<< [apiv2][status] GET https://cloudresourcemanager.googleapis.com/v1/projects/my-chat-box-ec5b0 200
[debug] [2026-02-24T07:28:09.223Z] <<< [apiv2][body] GET https://cloudresourcemanager.googleapis.com/v1/projects/my-chat-box-ec5b0 {"projectNumber":"387721645160","projectId":"my-chat-box-ec5b0","lifecycleState":"ACTIVE","name":"My-Chat-Box","labels":{"firebase":"enabled","firebase-core":"disabled"},"createTime":"2025-12-16T10:09:03.627895Z","parent":{"type":"organization","id":"128541183443"}}
[debug] [2026-02-24T07:28:09.225Z] Checked if tokens are valid: true, expires at: 1771920329236
[debug] [2026-02-24T07:28:09.225Z] Checked if tokens are valid: true, expires at: 1771920329236
[debug] [2026-02-24T07:28:09.226Z] >>> [apiv2][query] POST https://cloudfunctions.googleapis.com/v1/projects/my-chat-box-ec5b0/locations/us-central1/functions:generateUploadUrl [none]
[debug] [2026-02-24T07:28:09.226Z] >>> [apiv2][body] POST https://cloudfunctions.googleapis.com/v1/projects/my-chat-box-ec5b0/locations/us-central1/functions:generateUploadUrl {}
[debug] [2026-02-24T07:28:10.064Z] <<< [apiv2][status] POST https://cloudfunctions.googleapis.com/v1/projects/my-chat-box-ec5b0/locations/us-central1/functions:generateUploadUrl 200
[debug] [2026-02-24T07:28:10.064Z] <<< [apiv2][body] POST https://cloudfunctions.googleapis.com/v1/projects/my-chat-box-ec5b0/locations/us-central1/functions:generateUploadUrl {"uploadUrl":"https://storage.googleapis.com/uploads-249802210469.us-central1.cloudfunctions.appspot.com/0cca8db6-888a-424d-a3b4-55148dd9e670.zip?GoogleAccessId=service-387721645160@gcf-admin-robot.iam.gserviceaccount.com&Expires=1771919889&Signature=O9PGkG2LV4xVdHl%2FY10aL4KVei6sYlpaIlQEDA8fo2wRsgvVpz3AtVPsliU%2BPxR0hAaYCyPZUGKPTEvqdW%2FeIAJfCt4V1EO%2B6OxffhnRaRGD5uIH1TWfriENC3F82f8kbugJWuW5YTF0tbHqk3EuuTALL8xYaj%2BZFyjdIjpTq6fbBbHR1EPTtP3LlOXVEikBl09qQ%2FbLWCB4irQnH3aLBxhv7c51L8XDXfbCqmDhr7MGWZANT8FELycpNQPfCzmZd25%2FLjF4nrW56ByJnOgkKG1nMJ2hViAwWg2LuaG1JLnhy%2Bgjue1QRnPZecVXEOYdlVAoZEpqwt4TWrOzUDHHYA%3D%3D"}
[debug] [2026-02-24T07:28:10.064Z] >>> [apiv2][query] PUT https://storage.googleapis.com/uploads-249802210469.us-central1.cloudfunctions.appspot.com/0cca8db6-888a-424d-a3b4-55148dd9e670.zip GoogleAccessId=service-387721645160%40gcf-admin-robot.iam.gserviceaccount.com&Expires=1771919889&Signature=O9PGkG2LV4xVdHl%2FY10aL4KVei6sYlpaIlQEDA8fo2wRsgvVpz3AtVPsliU%2BPxR0hAaYCyPZUGKPTEvqdW%2FeIAJfCt4V1EO%2B6OxffhnRaRGD5uIH1TWfriENC3F82f8kbugJWuW5YTF0tbHqk3EuuTALL8xYaj%2BZFyjdIjpTq6fbBbHR1EPTtP3LlOXVEikBl09qQ%2FbLWCB4irQnH3aLBxhv7c51L8XDXfbCqmDhr7MGWZANT8FELycpNQPfCzmZd25%2FLjF4nrW56ByJnOgkKG1nMJ2hViAwWg2LuaG1JLnhy%2Bgjue1QRnPZecVXEOYdlVAoZEpqwt4TWrOzUDHHYA%3D%3D
[debug] [2026-02-24T07:28:10.064Z] >>> [apiv2][body] PUT https://storage.googleapis.com/uploads-249802210469.us-central1.cloudfunctions.appspot.com/0cca8db6-888a-424d-a3b4-55148dd9e670.zip [stream]
[debug] [2026-02-24T07:28:11.269Z] <<< [apiv2][status] PUT https://storage.googleapis.com/uploads-249802210469.us-central1.cloudfunctions.appspot.com/0cca8db6-888a-424d-a3b4-55148dd9e670.zip 200
[debug] [2026-02-24T07:28:11.270Z] <<< [apiv2][body] PUT https://storage.googleapis.com/uploads-249802210469.us-central1.cloudfunctions.appspot.com/0cca8db6-888a-424d-a3b4-55148dd9e670.zip [omitted]
[info] ✔  functions: functions source uploaded successfully 
[info] i  functions: updating Node.js 22 (1st Gen) function onChatMessageCreated(us-central1)... 
[debug] [2026-02-24T07:28:11.273Z] Checked if tokens are valid: true, expires at: 1771920329236
[debug] [2026-02-24T07:28:11.274Z] Checked if tokens are valid: true, expires at: 1771920329236
[debug] [2026-02-24T07:28:11.274Z] >>> [apiv2][query] PATCH https://cloudfunctions.googleapis.com/v1/projects/my-chat-box-ec5b0/locations/us-central1/functions/onChatMessageCreated updateMask=name%2CsourceUploadUrl%2CentryPoint%2Cruntime%2CdockerRegistry%2Clabels%2CeventTrigger.eventType%2CeventTrigger.resource%2CeventTrigger.failurePolicy%2CminInstances%2CmaxInstances%2CingressSettings%2CenvironmentVariables%2CserviceAccountEmail%2CavailableMemoryMb%2Ctimeout%2CvpcConnector%2CvpcConnectorEgressSettings%2CsourceToken%2CbuildEnvironmentVariables
[debug] [2026-02-24T07:28:11.274Z] >>> [apiv2][body] PATCH https://cloudfunctions.googleapis.com/v1/projects/my-chat-box-ec5b0/locations/us-central1/functions/onChatMessageCreated {"name":"projects/my-chat-box-ec5b0/locations/us-central1/functions/onChatMessageCreated","sourceUploadUrl":"https://storage.googleapis.com/uploads-249802210469.us-central1.cloudfunctions.appspot.com/0cca8db6-888a-424d-a3b4-55148dd9e670.zip?GoogleAccessId=service-387721645160@gcf-admin-robot.iam.gserviceaccount.com&Expires=1771919889&Signature=O9PGkG2LV4xVdHl%2FY10aL4KVei6sYlpaIlQEDA8fo2wRsgvVpz3AtVPsliU%2BPxR0hAaYCyPZUGKPTEvqdW%2FeIAJfCt4V1EO%2B6OxffhnRaRGD5uIH1TWfriENC3F82f8kbugJWuW5YTF0tbHqk3EuuTALL8xYaj%2BZFyjdIjpTq6fbBbHR1EPTtP3LlOXVEikBl09qQ%2FbLWCB4irQnH3aLBxhv7c51L8XDXfbCqmDhr7MGWZANT8FELycpNQPfCzmZd25%2FLjF4nrW56ByJnOgkKG1nMJ2hViAwWg2LuaG1JLnhy%2Bgjue1QRnPZecVXEOYdlVAoZEpqwt4TWrOzUDHHYA%3D%3D","entryPoint":"onChatMessageCreated","runtime":"nodejs22","dockerRegistry":"ARTIFACT_REGISTRY","labels":{"deployment-tool":"cli-firebase","firebase-functions-hash":"7096baea1de9e4f9872cdbc779c7b3c192c627ff"},"eventTrigger":{"eventType":"providers/cloud.firestore/eventTypes/document.create","resource":"projects/my-chat-box-ec5b0/databases/(default)/documents/chats/{chatRoomId}/messages/{messageId}"},"minInstances":null,"maxInstances":null,"ingressSettings":null,"environmentVariables":{"BACKEND_URL":"https://360coordinates.com/backend","BACKEND_FCM_SECRET":"V1d2a3n4t@2020","FIREBASE_CONFIG":"{\"projectId\":\"my-chat-box-ec5b0\",\"storageBucket\":\"my-chat-box-ec5b0.firebasestorage.app\"}","GCLOUD_PROJECT":"my-chat-box-ec5b0","EVENTARC_CLOUD_EVENT_SOURCE":"projects/my-chat-box-ec5b0/locations/us-central1/functions/onChatMessageCreated"},"serviceAccountEmail":null,"availableMemoryMb":null,"timeout":null,"vpcConnector":null,"vpcConnectorEgressSettings":null,"buildEnvironmentVariables":{"GOOGLE_NODE_RUN_SCRIPTS":""}}
[debug] [2026-02-24T07:28:11.952Z] <<< [apiv2][status] PATCH https://cloudfunctions.googleapis.com/v1/projects/my-chat-box-ec5b0/locations/us-central1/functions/onChatMessageCreated 200
[debug] [2026-02-24T07:28:11.952Z] <<< [apiv2][body] PATCH https://cloudfunctions.googleapis.com/v1/projects/my-chat-box-ec5b0/locations/us-central1/functions/onChatMessageCreated {"name":"operations/bXktY2hhdC1ib3gtZWM1YjAvdXMtY2VudHJhbDEvb25DaGF0TWVzc2FnZUNyZWF0ZWQvWUY3VF9NSldaTkk","metadata":{"@type":"type.googleapis.com/google.cloud.functions.v1.OperationMetadataV1","target":"projects/my-chat-box-ec5b0/locations/us-central1/functions/onChatMessageCreated","type":"UPDATE_FUNCTION","request":{"@type":"type.googleapis.com/google.cloud.functions.v1.CloudFunction","name":"projects/my-chat-box-ec5b0/locations/us-central1/functions/onChatMessageCreated","eventTrigger":{"eventType":"providers/cloud.firestore/eventTypes/document.create","resource":"projects/my-chat-box-ec5b0/databases/(default)/documents/chats/{chatRoomId}/messages/{messageId}","service":"firestore.googleapis.com"},"status":"ACTIVE","entryPoint":"onChatMessageCreated","updateTime":"2026-02-24T07:14:26Z","versionId":"8","labels":{"deployment-tool":"cli-firebase","firebase-functions-hash":"7096baea1de9e4f9872cdbc779c7b3c192c627ff"},"sourceUploadUrl":"https://storage.googleapis.com/uploads-249802210469.us-central1.cloudfunctions.appspot.com/0cca8db6-888a-424d-a3b4-55148dd9e670.zip?GoogleAccessId=service-387721645160@gcf-admin-robot.iam.gserviceaccount.com&Expires=1771919889&Signature=O9PGkG2LV4xVdHl%2FY10aL4KVei6sYlpaIlQEDA8fo2wRsgvVpz3AtVPsliU%2BPxR0hAaYCyPZUGKPTEvqdW%2FeIAJfCt4V1EO%2B6OxffhnRaRGD5uIH1TWfriENC3F82f8kbugJWuW5YTF0tbHqk3EuuTALL8xYaj%2BZFyjdIjpTq6fbBbHR1EPTtP3LlOXVEikBl09qQ%2FbLWCB4irQnH3aLBxhv7c51L8XDXfbCqmDhr7MGWZANT8FELycpNQPfCzmZd25%2FLjF4nrW56ByJnOgkKG1nMJ2hViAwWg2LuaG1JLnhy%2Bgjue1QRnPZecVXEOYdlVAoZEpqwt4TWrOzUDHHYA%3D%3D","environmentVariables":{"BACKEND_URL":"https://360coordinates.com/backend","BACKEND_FCM_SECRET":"V1d2a3n4t@2020","FIREBASE_CONFIG":"{\"projectId\":\"my-chat-box-ec5b0\",\"storageBucket\":\"my-chat-box-ec5b0.firebasestorage.app\"}","GCLOUD_PROJECT":"my-chat-box-ec5b0","EVENTARC_CLOUD_EVENT_SOURCE":"projects/my-chat-box-ec5b0/locations/us-central1/functions/onChatMessageCreated"},"runtime":"nodejs22","buildId":"03e47722-7519-4522-bded-fff480a85b55","buildEnvironmentVariables":{"GOOGLE_NODE_RUN_SCRIPTS":""},"buildName":"projects/387721645160/locations/us-central1/builds/03e47722-7519-4522-bded-fff480a85b55","dockerRegistry":"ARTIFACT_REGISTRY","automaticUpdatePolicy":{},"buildServiceAccount":"projects/my-chat-box-ec5b0/serviceAccounts/387721645160-compute@developer.gserviceaccount.com"},"versionId":"9","updateTime":"2026-02-24T07:28:11Z"}}
[debug] [2026-02-24T07:28:11.953Z] Checked if tokens are valid: true, expires at: 1771920329236
[debug] [2026-02-24T07:28:11.953Z] Checked if tokens are valid: true, expires at: 1771920329236
[debug] [2026-02-24T07:28:11.953Z] >>> [apiv2][query] GET https://cloudfunctions.googleapis.com/v1/operations/bXktY2hhdC1ib3gtZWM1YjAvdXMtY2VudHJhbDEvb25DaGF0TWVzc2FnZUNyZWF0ZWQvWUY3VF9NSldaTkk [none]
[debug] [2026-02-24T07:28:12.339Z] <<< [apiv2][status] GET https://cloudfunctions.googleapis.com/v1/operations/bXktY2hhdC1ib3gtZWM1YjAvdXMtY2VudHJhbDEvb25DaGF0TWVzc2FnZUNyZWF0ZWQvWUY3VF9NSldaTkk 200
[debug] [2026-02-24T07:28:12.339Z] <<< [apiv2][body] GET https://cloudfunctions.googleapis.com/v1/operations/bXktY2hhdC1ib3gtZWM1YjAvdXMtY2VudHJhbDEvb25DaGF0TWVzc2FnZUNyZWF0ZWQvWUY3VF9NSldaTkk {"name":"operations/bXktY2hhdC1ib3gtZWM1YjAvdXMtY2VudHJhbDEvb25DaGF0TWVzc2FnZUNyZWF0ZWQvWUY3VF9NSldaTkk","metadata":{"@type":"type.googleapis.com/google.cloud.functions.v1.OperationMetadataV1","target":"projects/my-chat-box-ec5b0/locations/us-central1/functions/onChatMessageCreated","type":"UPDATE_FUNCTION","request":{"@type":"type.googleapis.com/google.cloud.functions.v1.CloudFunction","name":"projects/my-chat-box-ec5b0/locations/us-central1/functions/onChatMessageCreated","eventTrigger":{"eventType":"providers/cloud.firestore/eventTypes/document.create","resource":"projects/my-chat-box-ec5b0/databases/(default)/documents/chats/{chatRoomId}/messages/{messageId}","service":"firestore.googleapis.com"},"status":"ACTIVE","entryPoint":"onChatMessageCreated","updateTime":"2026-02-24T07:14:26Z","versionId":"8","labels":{"deployment-tool":"cli-firebase","firebase-functions-hash":"7096baea1de9e4f9872cdbc779c7b3c192c627ff"},"sourceUploadUrl":"https://storage.googleapis.com/uploads-249802210469.us-central1.cloudfunctions.appspot.com/0cca8db6-888a-424d-a3b4-55148dd9e670.zip?GoogleAccessId=service-387721645160@gcf-admin-robot.iam.gserviceaccount.com&Expires=1771919889&Signature=O9PGkG2LV4xVdHl%2FY10aL4KVei6sYlpaIlQEDA8fo2wRsgvVpz3AtVPsliU%2BPxR0hAaYCyPZUGKPTEvqdW%2FeIAJfCt4V1EO%2B6OxffhnRaRGD5uIH1TWfriENC3F82f8kbugJWuW5YTF0tbHqk3EuuTALL8xYaj%2BZFyjdIjpTq6fbBbHR1EPTtP3LlOXVEikBl09qQ%2FbLWCB4irQnH3aLBxhv7c51L8XDXfbCqmDhr7MGWZANT8FELycpNQPfCzmZd25%2FLjF4nrW56ByJnOgkKG1nMJ2hViAwWg2LuaG1JLnhy%2Bgjue1QRnPZecVXEOYdlVAoZEpqwt4TWrOzUDHHYA%3D%3D","environmentVariables":{"BACKEND_URL":"https://360coordinates.com/backend","BACKEND_FCM_SECRET":"V1d2a3n4t@2020","FIREBASE_CONFIG":"{\"projectId\":\"my-chat-box-ec5b0\",\"storageBucket\":\"my-chat-box-ec5b0.firebasestorage.app\"}","GCLOUD_PROJECT":"my-chat-box-ec5b0","EVENTARC_CLOUD_EVENT_SOURCE":"projects/my-chat-box-ec5b0/locations/us-central1/functions/onChatMessageCreated"},"runtime":"nodejs22","buildId":"03e47722-7519-4522-bded-fff480a85b55","buildEnvironmentVariables":{"GOOGLE_NODE_RUN_SCRIPTS":""},"buildName":"projects/387721645160/locations/us-central1/builds/03e47722-7519-4522-bded-fff480a85b55","dockerRegistry":"ARTIFACT_REGISTRY","automaticUpdatePolicy":{},"buildServiceAccount":"projects/my-chat-box-ec5b0/serviceAccounts/387721645160-compute@developer.gserviceaccount.com"},"versionId":"9","updateTime":"2026-02-24T07:28:11Z"}}
[debug] [2026-02-24T07:28:12.842Z] [update-default-us-central1-onChatMessageCreated] Retrying task index 0
[debug] [2026-02-24T07:28:12.842Z] Checked if tokens are valid: true, expires at: 1771920329236
[debug] [2026-02-24T07:28:12.842Z] Checked if tokens are valid: true, expires at: 1771920329236
[debug] [2026-02-24T07:28:12.842Z] >>> [apiv2][query] GET https://cloudfunctions.googleapis.com/v1/operations/bXktY2hhdC1ib3gtZWM1YjAvdXMtY2VudHJhbDEvb25DaGF0TWVzc2FnZUNyZWF0ZWQvWUY3VF9NSldaTkk [none]
[debug] [2026-02-24T07:28:13.314Z] <<< [apiv2][status] GET https://cloudfunctions.googleapis.com/v1/operations/bXktY2hhdC1ib3gtZWM1YjAvdXMtY2VudHJhbDEvb25DaGF0TWVzc2FnZUNyZWF0ZWQvWUY3VF9NSldaTkk 200
[debug] [2026-02-24T07:28:13.314Z] <<< [apiv2][body] GET https://cloudfunctions.googleapis.com/v1/operations/bXktY2hhdC1ib3gtZWM1YjAvdXMtY2VudHJhbDEvb25DaGF0TWVzc2FnZUNyZWF0ZWQvWUY3VF9NSldaTkk {"name":"operations/bXktY2hhdC1ib3gtZWM1YjAvdXMtY2VudHJhbDEvb25DaGF0TWVzc2FnZUNyZWF0ZWQvWUY3VF9NSldaTkk","metadata":{"@type":"type.googleapis.com/google.cloud.functions.v1.OperationMetadataV1","target":"projects/my-chat-box-ec5b0/locations/us-central1/functions/onChatMessageCreated","type":"UPDATE_FUNCTION","request":{"@type":"type.googleapis.com/google.cloud.functions.v1.CloudFunction","name":"projects/my-chat-box-ec5b0/locations/us-central1/functions/onChatMessageCreated","eventTrigger":{"eventType":"providers/cloud.firestore/eventTypes/document.create","resource":"projects/my-chat-box-ec5b0/databases/(default)/documents/chats/{chatRoomId}/messages/{messageId}","service":"firestore.googleapis.com"},"status":"ACTIVE","entryPoint":"onChatMessageCreated","updateTime":"2026-02-24T07:14:26Z","versionId":"8","labels":{"deployment-tool":"cli-firebase","firebase-functions-hash":"7096baea1de9e4f9872cdbc779c7b3c192c627ff"},"sourceUploadUrl":"https://storage.googleapis.com/uploads-249802210469.us-central1.cloudfunctions.appspot.com/0cca8db6-888a-424d-a3b4-55148dd9e670.zip?GoogleAccessId=service-387721645160@gcf-admin-robot.iam.gserviceaccount.com&Expires=1771919889&Signature=O9PGkG2LV4xVdHl%2FY10aL4KVei6sYlpaIlQEDA8fo2wRsgvVpz3AtVPsliU%2BPxR0hAaYCyPZUGKPTEvqdW%2FeIAJfCt4V1EO%2B6OxffhnRaRGD5uIH1TWfriENC3F82f8kbugJWuW5YTF0tbHqk3EuuTALL8xYaj%2BZFyjdIjpTq6fbBbHR1EPTtP3LlOXVEikBl09qQ%2FbLWCB4irQnH3aLBxhv7c51L8XDXfbCqmDhr7MGWZANT8FELycpNQPfCzmZd25%2FLjF4nrW56ByJnOgkKG1nMJ2hViAwWg2LuaG1JLnhy%2Bgjue1QRnPZecVXEOYdlVAoZEpqwt4TWrOzUDHHYA%3D%3D","environmentVariables":{"BACKEND_URL":"https://360coordinates.com/backend","BACKEND_FCM_SECRET":"V1d2a3n4t@2020","FIREBASE_CONFIG":"{\"projectId\":\"my-chat-box-ec5b0\",\"storageBucket\":\"my-chat-box-ec5b0.firebasestorage.app\"}","GCLOUD_PROJECT":"my-chat-box-ec5b0","EVENTARC_CLOUD_EVENT_SOURCE":"projects/my-chat-box-ec5b0/locations/us-central1/functions/onChatMessageCreated"},"runtime":"nodejs22","buildId":"03e47722-7519-4522-bded-fff480a85b55","buildEnvironmentVariables":{"GOOGLE_NODE_RUN_SCRIPTS":""},"buildName":"projects/387721645160/locations/us-central1/builds/03e47722-7519-4522-bded-fff480a85b55","dockerRegistry":"ARTIFACT_REGISTRY","automaticUpdatePolicy":{},"buildServiceAccount":"projects/my-chat-box-ec5b0/serviceAccounts/387721645160-compute@developer.gserviceaccount.com"},"versionId":"9","updateTime":"2026-02-24T07:28:11Z","buildId":"b13bd382-3a33-4c21-b4cd-ee7101ea75b3","buildName":"projects/387721645160/locations/us-central1/builds/b13bd382-3a33-4c21-b4cd-ee7101ea75b3"}}
[debug] [2026-02-24T07:28:14.315Z] [update-default-us-central1-onChatMessageCreated] Retrying task index 0
[debug] [2026-02-24T07:28:14.315Z] Checked if tokens are valid: true, expires at: 1771920329236
[debug] [2026-02-24T07:28:14.316Z] Checked if tokens are valid: true, expires at: 1771920329236
[debug] [2026-02-24T07:28:14.316Z] >>> [apiv2][query] GET https://cloudfunctions.googleapis.com/v1/operations/bXktY2hhdC1ib3gtZWM1YjAvdXMtY2VudHJhbDEvb25DaGF0TWVzc2FnZUNyZWF0ZWQvWUY3VF9NSldaTkk [none]
[debug] [2026-02-24T07:28:14.771Z] <<< [apiv2][status] GET https://cloudfunctions.googleapis.com/v1/operations/bXktY2hhdC1ib3gtZWM1YjAvdXMtY2VudHJhbDEvb25DaGF0TWVzc2FnZUNyZWF0ZWQvWUY3VF9NSldaTkk 200
[debug] [2026-02-24T07:28:14.771Z] <<< [apiv2][body] GET https://cloudfunctions.googleapis.com/v1/operations/bXktY2hhdC1ib3gtZWM1YjAvdXMtY2VudHJhbDEvb25DaGF0TWVzc2FnZUNyZWF0ZWQvWUY3VF9NSldaTkk {"name":"operations/bXktY2hhdC1ib3gtZWM1YjAvdXMtY2VudHJhbDEvb25DaGF0TWVzc2FnZUNyZWF0ZWQvWUY3VF9NSldaTkk","metadata":{"@type":"type.googleapis.com/google.cloud.functions.v1.OperationMetadataV1","target":"projects/my-chat-box-ec5b0/locations/us-central1/functions/onChatMessageCreated","type":"UPDATE_FUNCTION","request":{"@type":"type.googleapis.com/google.cloud.functions.v1.CloudFunction","name":"projects/my-chat-box-ec5b0/locations/us-central1/functions/onChatMessageCreated","eventTrigger":{"eventType":"providers/cloud.firestore/eventTypes/document.create","resource":"projects/my-chat-box-ec5b0/databases/(default)/documents/chats/{chatRoomId}/messages/{messageId}","service":"firestore.googleapis.com"},"status":"ACTIVE","entryPoint":"onChatMessageCreated","updateTime":"2026-02-24T07:14:26Z","versionId":"8","labels":{"deployment-tool":"cli-firebase","firebase-functions-hash":"7096baea1de9e4f9872cdbc779c7b3c192c627ff"},"sourceUploadUrl":"https://storage.googleapis.com/uploads-249802210469.us-central1.cloudfunctions.appspot.com/0cca8db6-888a-424d-a3b4-55148dd9e670.zip?GoogleAccessId=service-387721645160@gcf-admin-robot.iam.gserviceaccount.com&Expires=1771919889&Signature=O9PGkG2LV4xVdHl%2FY10aL4KVei6sYlpaIlQEDA8fo2wRsgvVpz3AtVPsliU%2BPxR0hAaYCyPZUGKPTEvqdW%2FeIAJfCt4V1EO%2B6OxffhnRaRGD5uIH1TWfriENC3F82f8kbugJWuW5YTF0tbHqk3EuuTALL8xYaj%2BZFyjdIjpTq6fbBbHR1EPTtP3LlOXVEikBl09qQ%2FbLWCB4irQnH3aLBxhv7c51L8XDXfbCqmDhr7MGWZANT8FELycpNQPfCzmZd25%2FLjF4nrW56ByJnOgkKG1nMJ2hViAwWg2LuaG1JLnhy%2Bgjue1QRnPZecVXEOYdlVAoZEpqwt4TWrOzUDHHYA%3D%3D","environmentVariables":{"BACKEND_URL":"https://360coordinates.com/backend","BACKEND_FCM_SECRET":"V1d2a3n4t@2020","FIREBASE_CONFIG":"{\"projectId\":\"my-chat-box-ec5b0\",\"storageBucket\":\"my-chat-box-ec5b0.firebasestorage.app\"}","GCLOUD_PROJECT":"my-chat-box-ec5b0","EVENTARC_CLOUD_EVENT_SOURCE":"projects/my-chat-box-ec5b0/locations/us-central1/functions/onChatMessageCreated"},"runtime":"nodejs22","buildId":"03e47722-7519-4522-bded-fff480a85b55","buildEnvironmentVariables":{"GOOGLE_NODE_RUN_SCRIPTS":""},"buildName":"projects/387721645160/locations/us-central1/builds/03e47722-7519-4522-bded-fff480a85b55","dockerRegistry":"ARTIFACT_REGISTRY","automaticUpdatePolicy":{},"buildServiceAccount":"projects/my-chat-box-ec5b0/serviceAccounts/387721645160-compute@developer.gserviceaccount.com"},"versionId":"9","updateTime":"2026-02-24T07:28:11Z","buildId":"b13bd382-3a33-4c21-b4cd-ee7101ea75b3","buildName":"projects/387721645160/locations/us-central1/builds/b13bd382-3a33-4c21-b4cd-ee7101ea75b3"}}
[debug] [2026-02-24T07:28:16.773Z] [update-default-us-central1-onChatMessageCreated] Retrying task index 0
[debug] [2026-02-24T07:28:16.773Z] Checked if tokens are valid: true, expires at: 1771920329236
[debug] [2026-02-24T07:28:16.774Z] Checked if tokens are valid: true, expires at: 1771920329236
[debug] [2026-02-24T07:28:16.774Z] >>> [apiv2][query] GET https://cloudfunctions.googleapis.com/v1/operations/bXktY2hhdC1ib3gtZWM1YjAvdXMtY2VudHJhbDEvb25DaGF0TWVzc2FnZUNyZWF0ZWQvWUY3VF9NSldaTkk [none]
[debug] [2026-02-24T07:28:17.183Z] <<< [apiv2][status] GET https://cloudfunctions.googleapis.com/v1/operations/bXktY2hhdC1ib3gtZWM1YjAvdXMtY2VudHJhbDEvb25DaGF0TWVzc2FnZUNyZWF0ZWQvWUY3VF9NSldaTkk 200
[debug] [2026-02-24T07:28:17.183Z] <<< [apiv2][body] GET https://cloudfunctions.googleapis.com/v1/operations/bXktY2hhdC1ib3gtZWM1YjAvdXMtY2VudHJhbDEvb25DaGF0TWVzc2FnZUNyZWF0ZWQvWUY3VF9NSldaTkk {"name":"operations/bXktY2hhdC1ib3gtZWM1YjAvdXMtY2VudHJhbDEvb25DaGF0TWVzc2FnZUNyZWF0ZWQvWUY3VF9NSldaTkk","metadata":{"@type":"type.googleapis.com/google.cloud.functions.v1.OperationMetadataV1","target":"projects/my-chat-box-ec5b0/locations/us-central1/functions/onChatMessageCreated","type":"UPDATE_FUNCTION","request":{"@type":"type.googleapis.com/google.cloud.functions.v1.CloudFunction","name":"projects/my-chat-box-ec5b0/locations/us-central1/functions/onChatMessageCreated","eventTrigger":{"eventType":"providers/cloud.firestore/eventTypes/document.create","resource":"projects/my-chat-box-ec5b0/databases/(default)/documents/chats/{chatRoomId}/messages/{messageId}","service":"firestore.googleapis.com"},"status":"ACTIVE","entryPoint":"onChatMessageCreated","updateTime":"2026-02-24T07:14:26Z","versionId":"8","labels":{"deployment-tool":"cli-firebase","firebase-functions-hash":"7096baea1de9e4f9872cdbc779c7b3c192c627ff"},"sourceUploadUrl":"https://storage.googleapis.com/uploads-249802210469.us-central1.cloudfunctions.appspot.com/0cca8db6-888a-424d-a3b4-55148dd9e670.zip?GoogleAccessId=service-387721645160@gcf-admin-robot.iam.gserviceaccount.com&Expires=1771919889&Signature=O9PGkG2LV4xVdHl%2FY10aL4KVei6sYlpaIlQEDA8fo2wRsgvVpz3AtVPsliU%2BPxR0hAaYCyPZUGKPTEvqdW%2FeIAJfCt4V1EO%2B6OxffhnRaRGD5uIH1TWfriENC3F82f8kbugJWuW5YTF0tbHqk3EuuTALL8xYaj%2BZFyjdIjpTq6fbBbHR1EPTtP3LlOXVEikBl09qQ%2FbLWCB4irQnH3aLBxhv7c51L8XDXfbCqmDhr7MGWZANT8FELycpNQPfCzmZd25%2FLjF4nrW56ByJnOgkKG1nMJ2hViAwWg2LuaG1JLnhy%2Bgjue1QRnPZecVXEOYdlVAoZEpqwt4TWrOzUDHHYA%3D%3D","environmentVariables":{"BACKEND_URL":"https://360coordinates.com/backend","BACKEND_FCM_SECRET":"V1d2a3n4t@2020","FIREBASE_CONFIG":"{\"projectId\":\"my-chat-box-ec5b0\",\"storageBucket\":\"my-chat-box-ec5b0.firebasestorage.app\"}","GCLOUD_PROJECT":"my-chat-box-ec5b0","EVENTARC_CLOUD_EVENT_SOURCE":"projects/my-chat-box-ec5b0/locations/us-central1/functions/onChatMessageCreated"},"runtime":"nodejs22","buildId":"03e47722-7519-4522-bded-fff480a85b55","buildEnvironmentVariables":{"GOOGLE_NODE_RUN_SCRIPTS":""},"buildName":"projects/387721645160/locations/us-central1/builds/03e47722-7519-4522-bded-fff480a85b55","dockerRegistry":"ARTIFACT_REGISTRY","automaticUpdatePolicy":{},"buildServiceAccount":"projects/my-chat-box-ec5b0/serviceAccounts/387721645160-compute@developer.gserviceaccount.com"},"versionId":"9","updateTime":"2026-02-24T07:28:11Z","buildId":"b13bd382-3a33-4c21-b4cd-ee7101ea75b3","buildName":"projects/387721645160/locations/us-central1/builds/b13bd382-3a33-4c21-b4cd-ee7101ea75b3"}}
[debug] [2026-02-24T07:28:21.185Z] [update-default-us-central1-onChatMessageCreated] Retrying task index 0
[debug] [2026-02-24T07:28:21.185Z] Checked if tokens are valid: true, expires at: 1771920329236
[debug] [2026-02-24T07:28:21.185Z] Checked if tokens are valid: true, expires at: 1771920329236
[debug] [2026-02-24T07:28:21.185Z] >>> [apiv2][query] GET https://cloudfunctions.googleapis.com/v1/operations/bXktY2hhdC1ib3gtZWM1YjAvdXMtY2VudHJhbDEvb25DaGF0TWVzc2FnZUNyZWF0ZWQvWUY3VF9NSldaTkk [none]
[debug] [2026-02-24T07:28:21.590Z] <<< [apiv2][status] GET https://cloudfunctions.googleapis.com/v1/operations/bXktY2hhdC1ib3gtZWM1YjAvdXMtY2VudHJhbDEvb25DaGF0TWVzc2FnZUNyZWF0ZWQvWUY3VF9NSldaTkk 200
[debug] [2026-02-24T07:28:21.590Z] <<< [apiv2][body] GET https://cloudfunctions.googleapis.com/v1/operations/bXktY2hhdC1ib3gtZWM1YjAvdXMtY2VudHJhbDEvb25DaGF0TWVzc2FnZUNyZWF0ZWQvWUY3VF9NSldaTkk {"name":"operations/bXktY2hhdC1ib3gtZWM1YjAvdXMtY2VudHJhbDEvb25DaGF0TWVzc2FnZUNyZWF0ZWQvWUY3VF9NSldaTkk","metadata":{"@type":"type.googleapis.com/google.cloud.functions.v1.OperationMetadataV1","target":"projects/my-chat-box-ec5b0/locations/us-central1/functions/onChatMessageCreated","type":"UPDATE_FUNCTION","request":{"@type":"type.googleapis.com/google.cloud.functions.v1.CloudFunction","name":"projects/my-chat-box-ec5b0/locations/us-central1/functions/onChatMessageCreated","eventTrigger":{"eventType":"providers/cloud.firestore/eventTypes/document.create","resource":"projects/my-chat-box-ec5b0/databases/(default)/documents/chats/{chatRoomId}/messages/{messageId}","service":"firestore.googleapis.com"},"status":"ACTIVE","entryPoint":"onChatMessageCreated","updateTime":"2026-02-24T07:14:26Z","versionId":"8","labels":{"deployment-tool":"cli-firebase","firebase-functions-hash":"7096baea1de9e4f9872cdbc779c7b3c192c627ff"},"sourceUploadUrl":"https://storage.googleapis.com/uploads-249802210469.us-central1.cloudfunctions.appspot.com/0cca8db6-888a-424d-a3b4-55148dd9e670.zip?GoogleAccessId=service-387721645160@gcf-admin-robot.iam.gserviceaccount.com&Expires=1771919889&Signature=O9PGkG2LV4xVdHl%2FY10aL4KVei6sYlpaIlQEDA8fo2wRsgvVpz3AtVPsliU%2BPxR0hAaYCyPZUGKPTEvqdW%2FeIAJfCt4V1EO%2B6OxffhnRaRGD5uIH1TWfriENC3F82f8kbugJWuW5YTF0tbHqk3EuuTALL8xYaj%2BZFyjdIjpTq6fbBbHR1EPTtP3LlOXVEikBl09qQ%2FbLWCB4irQnH3aLBxhv7c51L8XDXfbCqmDhr7MGWZANT8FELycpNQPfCzmZd25%2FLjF4nrW56ByJnOgkKG1nMJ2hViAwWg2LuaG1JLnhy%2Bgjue1QRnPZecVXEOYdlVAoZEpqwt4TWrOzUDHHYA%3D%3D","environmentVariables":{"BACKEND_URL":"https://360coordinates.com/backend","BACKEND_FCM_SECRET":"V1d2a3n4t@2020","FIREBASE_CONFIG":"{\"projectId\":\"my-chat-box-ec5b0\",\"storageBucket\":\"my-chat-box-ec5b0.firebasestorage.app\"}","GCLOUD_PROJECT":"my-chat-box-ec5b0","EVENTARC_CLOUD_EVENT_SOURCE":"projects/my-chat-box-ec5b0/locations/us-central1/functions/onChatMessageCreated"},"runtime":"nodejs22","buildId":"03e47722-7519-4522-bded-fff480a85b55","buildEnvironmentVariables":{"GOOGLE_NODE_RUN_SCRIPTS":""},"buildName":"projects/387721645160/locations/us-central1/builds/03e47722-7519-4522-bded-fff480a85b55","dockerRegistry":"ARTIFACT_REGISTRY","automaticUpdatePolicy":{},"buildServiceAccount":"projects/my-chat-box-ec5b0/serviceAccounts/387721645160-compute@developer.gserviceaccount.com"},"versionId":"9","updateTime":"2026-02-24T07:28:11Z","buildId":"b13bd382-3a33-4c21-b4cd-ee7101ea75b3","buildName":"projects/387721645160/locations/us-central1/builds/b13bd382-3a33-4c21-b4cd-ee7101ea75b3"}}
[debug] [2026-02-24T07:28:29.591Z] [update-default-us-central1-onChatMessageCreated] Retrying task index 0
[debug] [2026-02-24T07:28:29.591Z] Checked if tokens are valid: true, expires at: 1771920329236
[debug] [2026-02-24T07:28:29.592Z] Checked if tokens are valid: true, expires at: 1771920329236
[debug] [2026-02-24T07:28:29.592Z] >>> [apiv2][query] GET https://cloudfunctions.googleapis.com/v1/operations/bXktY2hhdC1ib3gtZWM1YjAvdXMtY2VudHJhbDEvb25DaGF0TWVzc2FnZUNyZWF0ZWQvWUY3VF9NSldaTkk [none]
[debug] [2026-02-24T07:28:30.017Z] <<< [apiv2][status] GET https://cloudfunctions.googleapis.com/v1/operations/bXktY2hhdC1ib3gtZWM1YjAvdXMtY2VudHJhbDEvb25DaGF0TWVzc2FnZUNyZWF0ZWQvWUY3VF9NSldaTkk 200
[debug] [2026-02-24T07:28:30.018Z] <<< [apiv2][body] GET https://cloudfunctions.googleapis.com/v1/operations/bXktY2hhdC1ib3gtZWM1YjAvdXMtY2VudHJhbDEvb25DaGF0TWVzc2FnZUNyZWF0ZWQvWUY3VF9NSldaTkk {"name":"operations/bXktY2hhdC1ib3gtZWM1YjAvdXMtY2VudHJhbDEvb25DaGF0TWVzc2FnZUNyZWF0ZWQvWUY3VF9NSldaTkk","metadata":{"@type":"type.googleapis.com/google.cloud.functions.v1.OperationMetadataV1","target":"projects/my-chat-box-ec5b0/locations/us-central1/functions/onChatMessageCreated","type":"UPDATE_FUNCTION","request":{"@type":"type.googleapis.com/google.cloud.functions.v1.CloudFunction","name":"projects/my-chat-box-ec5b0/locations/us-central1/functions/onChatMessageCreated","eventTrigger":{"eventType":"providers/cloud.firestore/eventTypes/document.create","resource":"projects/my-chat-box-ec5b0/databases/(default)/documents/chats/{chatRoomId}/messages/{messageId}","service":"firestore.googleapis.com"},"status":"ACTIVE","entryPoint":"onChatMessageCreated","updateTime":"2026-02-24T07:14:26Z","versionId":"8","labels":{"deployment-tool":"cli-firebase","firebase-functions-hash":"7096baea1de9e4f9872cdbc779c7b3c192c627ff"},"sourceUploadUrl":"https://storage.googleapis.com/uploads-249802210469.us-central1.cloudfunctions.appspot.com/0cca8db6-888a-424d-a3b4-55148dd9e670.zip?GoogleAccessId=service-387721645160@gcf-admin-robot.iam.gserviceaccount.com&Expires=1771919889&Signature=O9PGkG2LV4xVdHl%2FY10aL4KVei6sYlpaIlQEDA8fo2wRsgvVpz3AtVPsliU%2BPxR0hAaYCyPZUGKPTEvqdW%2FeIAJfCt4V1EO%2B6OxffhnRaRGD5uIH1TWfriENC3F82f8kbugJWuW5YTF0tbHqk3EuuTALL8xYaj%2BZFyjdIjpTq6fbBbHR1EPTtP3LlOXVEikBl09qQ%2FbLWCB4irQnH3aLBxhv7c51L8XDXfbCqmDhr7MGWZANT8FELycpNQPfCzmZd25%2FLjF4nrW56ByJnOgkKG1nMJ2hViAwWg2LuaG1JLnhy%2Bgjue1QRnPZecVXEOYdlVAoZEpqwt4TWrOzUDHHYA%3D%3D","environmentVariables":{"BACKEND_URL":"https://360coordinates.com/backend","BACKEND_FCM_SECRET":"V1d2a3n4t@2020","FIREBASE_CONFIG":"{\"projectId\":\"my-chat-box-ec5b0\",\"storageBucket\":\"my-chat-box-ec5b0.firebasestorage.app\"}","GCLOUD_PROJECT":"my-chat-box-ec5b0","EVENTARC_CLOUD_EVENT_SOURCE":"projects/my-chat-box-ec5b0/locations/us-central1/functions/onChatMessageCreated"},"runtime":"nodejs22","buildId":"03e47722-7519-4522-bded-fff480a85b55","buildEnvironmentVariables":{"GOOGLE_NODE_RUN_SCRIPTS":""},"buildName":"projects/387721645160/locations/us-central1/builds/03e47722-7519-4522-bded-fff480a85b55","dockerRegistry":"ARTIFACT_REGISTRY","automaticUpdatePolicy":{},"buildServiceAccount":"projects/my-chat-box-ec5b0/serviceAccounts/387721645160-compute@developer.gserviceaccount.com"},"versionId":"9","updateTime":"2026-02-24T07:28:11Z","buildId":"b13bd382-3a33-4c21-b4cd-ee7101ea75b3","buildName":"projects/387721645160/locations/us-central1/builds/b13bd382-3a33-4c21-b4cd-ee7101ea75b3"}}
