[debug] [2026-02-24T07:02:17.484Z] ----------------------------------------------------------------------
[debug] [2026-02-24T07:02:17.485Z] Command:       /usr/local/bin/node /var/folders/7w/6_55s8yd0hg5t8qwwm4dkjfm0000gn/T/cursor-sandbox-cache/bdf7617f4a3d307814f87288ffb4ed2b/npm/_npx/7750544ccf494d8b/node_modules/.bin/firebase experiments:enable legacyRuntimeConfigCommands
[debug] [2026-02-24T07:02:17.486Z] CLI Version:   15.7.0
[debug] [2026-02-24T07:02:17.486Z] Platform:      darwin
[debug] [2026-02-24T07:02:17.486Z] Node Version:  v24.12.0
[debug] [2026-02-24T07:02:17.486Z] Time:          Tue Feb 24 2026 12:32:17 GMT+0530 (India Standard Time)
[debug] [2026-02-24T07:02:17.486Z] ----------------------------------------------------------------------
[debug] 
[debug] [2026-02-24T07:02:17.547Z] Object "" in "firebase.json" has unknown property: {"additionalProperty":"appdistribution"}
[debug] [2026-02-24T07:02:17.646Z] Error: EPERM: operation not permitted, open '/Users/vedantlights/.config/configstore/firebase-tools.json.15474683'
    at Object.openSync (node:fs:560:18)
    at writeFile.writeFileSync [as sync] (/private/var/folders/7w/6_55s8yd0hg5t8qwwm4dkjfm0000gn/T/cursor-sandbox-cache/bdf7617f4a3d307814f87288ffb4ed2b/npm/_npx/7750544ccf494d8b/node_modules/write-file-atomic/index.js:205:13)
    at set all (/private/var/folders/7w/6_55s8yd0hg5t8qwwm4dkjfm0000gn/T/cursor-sandbox-cache/bdf7617f4a3d307814f87288ffb4ed2b/npm/_npx/7750544ccf494d8b/node_modules/configstore/index.js:61:20)
    at Configstore.set (/private/var/folders/7w/6_55s8yd0hg5t8qwwm4dkjfm0000gn/T/cursor-sandbox-cache/bdf7617f4a3d307814f87288ffb4ed2b/npm/_npx/7750544ccf494d8b/node_modules/configstore/index.js:91:12)
    at Object.flushToDisk (/private/var/folders/7w/6_55s8yd0hg5t8qwwm4dkjfm0000gn/T/cursor-sandbox-cache/bdf7617f4a3d307814f87288ffb4ed2b/npm/_npx/7750544ccf494d8b/node_modules/firebase-tools/lib/experiments.js:211:31)
    at Command.actionFn (/private/var/folders/7w/6_55s8yd0hg5t8qwwm4dkjfm0000gn/T/cursor-sandbox-cache/bdf7617f4a3d307814f87288ffb4ed2b/npm/_npx/7750544ccf494d8b/node_modules/firebase-tools/lib/commands/experiments-enable.js:15:21)
    at /private/var/folders/7w/6_55s8yd0hg5t8qwwm4dkjfm0000gn/T/cursor-sandbox-cache/bdf7617f4a3d307814f87288ffb4ed2b/npm/_npx/7750544ccf494d8b/node_modules/firebase-tools/lib/command.js:266:25
    at process.processTicksAndRejections (node:internal/process/task_queues:103:5)
[error] 
[error] Error: An unexpected error has occurred.
[debug] [2026-02-24T07:02:17.902Z] Error: EPERM: operation not permitted, open '/Users/vedantlights/.config/configstore/firebase-tools.json.4184986450'
    at Object.openSync (node:fs:560:18)
    at writeFile.writeFileSync [as sync] (/private/var/folders/7w/6_55s8yd0hg5t8qwwm4dkjfm0000gn/T/cursor-sandbox-cache/bdf7617f4a3d307814f87288ffb4ed2b/npm/_npx/7750544ccf494d8b/node_modules/write-file-atomic/index.js:205:13)
    at set all (/private/var/folders/7w/6_55s8yd0hg5t8qwwm4dkjfm0000gn/T/cursor-sandbox-cache/bdf7617f4a3d307814f87288ffb4ed2b/npm/_npx/7750544ccf494d8b/node_modules/configstore/index.js:61:20)
    at Configstore.delete (/private/var/folders/7w/6_55s8yd0hg5t8qwwm4dkjfm0000gn/T/cursor-sandbox-cache/bdf7617f4a3d307814f87288ffb4ed2b/npm/_npx/7750544ccf494d8b/node_modules/configstore/index.js:101:12)
    at process.<anonymous> (/private/var/folders/7w/6_55s8yd0hg5t8qwwm4dkjfm0000gn/T/cursor-sandbox-cache/bdf7617f4a3d307814f87288ffb4ed2b/npm/_npx/7750544ccf494d8b/node_modules/firebase-tools/lib/bin/cli.js:65:45)
    at process.emit (node:events:508:28)
    at process.exit (node:internal/process/per_thread:236:15)
    at Timeout._onTimeout (/private/var/folders/7w/6_55s8yd0hg5t8qwwm4dkjfm0000gn/T/cursor-sandbox-cache/bdf7617f4a3d307814f87288ffb4ed2b/npm/_npx/7750544ccf494d8b/node_modules/firebase-tools/lib/errorOut.js:20:17)
    at listOnTimeout (node:internal/timers:605:17)
    at process.processTimers (node:internal/timers:541:7)
[error] 
[error] Error: An unexpected error has occurred.
[debug] [2026-02-24T07:05:29.513Z] ----------------------------------------------------------------------
[debug] [2026-02-24T07:05:29.514Z] Command:       /usr/local/bin/node /Users/vedantlights/.npm/_npx/7750544ccf494d8b/node_modules/.bin/firebase deploy --only functions
[debug] [2026-02-24T07:05:29.514Z] CLI Version:   15.7.0
[debug] [2026-02-24T07:05:29.514Z] Platform:      darwin
[debug] [2026-02-24T07:05:29.514Z] Node Version:  v24.12.0
[debug] [2026-02-24T07:05:29.514Z] Time:          Tue Feb 24 2026 12:35:29 GMT+0530 (India Standard Time)
[debug] [2026-02-24T07:05:29.514Z] ----------------------------------------------------------------------
[debug] 
[debug] [2026-02-24T07:05:30.108Z] Object "" in "firebase.json" has unknown property: {"additionalProperty":"appdistribution"}
[debug] [2026-02-24T07:05:30.110Z] > command requires scopes: ["email","openid","https://www.googleapis.com/auth/cloudplatformprojects.readonly","https://www.googleapis.com/auth/firebase","https://www.googleapis.com/auth/cloud-platform"]
[debug] [2026-02-24T07:05:30.110Z] > authorizing via signed-in user (sneha@vedantlights.com)
[debug] [2026-02-24T07:05:30.110Z] [iam] checking project my-chat-box-ec5b0 for permissions ["cloudfunctions.functions.create","cloudfunctions.functions.delete","cloudfunctions.functions.get","cloudfunctions.functions.list","cloudfunctions.functions.update","cloudfunctions.operations.get","firebase.projects.get"]
[debug] [2026-02-24T07:05:30.110Z] Checked if tokens are valid: false, expires at: 1771917281495
[debug] [2026-02-24T07:05:30.110Z] Checked if tokens are valid: false, expires at: 1771917281495
[debug] [2026-02-24T07:05:30.110Z] > refreshing access token with scopes: []
[debug] [2026-02-24T07:05:30.111Z] >>> [apiv2][query] POST https://www.googleapis.com/oauth2/v3/token [none]
[debug] [2026-02-24T07:05:30.111Z] >>> [apiv2][body] POST https://www.googleapis.com/oauth2/v3/token [omitted]
[debug] [2026-02-24T07:05:30.236Z] <<< [apiv2][status] POST https://www.googleapis.com/oauth2/v3/token 200
[debug] [2026-02-24T07:05:30.236Z] <<< [apiv2][body] POST https://www.googleapis.com/oauth2/v3/token [omitted]
[debug] [2026-02-24T07:05:30.248Z] >>> [apiv2][query] POST https://cloudresourcemanager.googleapis.com/v1/projects/my-chat-box-ec5b0:testIamPermissions [none]
[debug] [2026-02-24T07:05:30.248Z] >>> [apiv2][(partial)header] POST https://cloudresourcemanager.googleapis.com/v1/projects/my-chat-box-ec5b0:testIamPermissions  x-goog-user-project=my-chat-box-ec5b0
[debug] [2026-02-24T07:05:30.248Z] >>> [apiv2][body] POST https://cloudresourcemanager.googleapis.com/v1/projects/my-chat-box-ec5b0:testIamPermissions {"permissions":["cloudfunctions.functions.create","cloudfunctions.functions.delete","cloudfunctions.functions.get","cloudfunctions.functions.list","cloudfunctions.functions.update","cloudfunctions.operations.get","firebase.projects.get"]}
[debug] [2026-02-24T07:05:31.657Z] <<< [apiv2][status] POST https://cloudresourcemanager.googleapis.com/v1/projects/my-chat-box-ec5b0:testIamPermissions 200
[debug] [2026-02-24T07:05:31.658Z] <<< [apiv2][body] POST https://cloudresourcemanager.googleapis.com/v1/projects/my-chat-box-ec5b0:testIamPermissions {"permissions":["cloudfunctions.functions.create","cloudfunctions.functions.delete","cloudfunctions.functions.get","cloudfunctions.functions.list","cloudfunctions.functions.update","cloudfunctions.operations.get","firebase.projects.get"]}
[debug] [2026-02-24T07:05:31.658Z] Checked if tokens are valid: true, expires at: 1771920329236
[debug] [2026-02-24T07:05:31.658Z] Checked if tokens are valid: true, expires at: 1771920329236
[debug] [2026-02-24T07:05:31.659Z] >>> [apiv2][query] POST https://iam.googleapis.com/v1/projects/my-chat-box-ec5b0/serviceAccounts/my-chat-box-ec5b0@appspot.gserviceaccount.com:testIamPermissions [none]
[debug] [2026-02-24T07:05:31.659Z] >>> [apiv2][body] POST https://iam.googleapis.com/v1/projects/my-chat-box-ec5b0/serviceAccounts/my-chat-box-ec5b0@appspot.gserviceaccount.com:testIamPermissions {"permissions":["iam.serviceAccounts.actAs"]}
[debug] [2026-02-24T07:05:33.305Z] <<< [apiv2][status] POST https://iam.googleapis.com/v1/projects/my-chat-box-ec5b0/serviceAccounts/my-chat-box-ec5b0@appspot.gserviceaccount.com:testIamPermissions 200
[debug] [2026-02-24T07:05:33.305Z] <<< [apiv2][body] POST https://iam.googleapis.com/v1/projects/my-chat-box-ec5b0/serviceAccounts/my-chat-box-ec5b0@appspot.gserviceaccount.com:testIamPermissions {"permissions":["iam.serviceAccounts.actAs"]}
[info] 
[info] === Deploying to 'my-chat-box-ec5b0'...
[info] 
[info] i  deploying functions 
[debug] [2026-02-24T07:05:33.309Z] Checked if tokens are valid: true, expires at: 1771920329236
[debug] [2026-02-24T07:05:33.309Z] Checked if tokens are valid: true, expires at: 1771920329236
[debug] [2026-02-24T07:05:33.309Z] >>> [apiv2][query] GET https://cloudresourcemanager.googleapis.com/v1/projects/my-chat-box-ec5b0 [none]
[debug] [2026-02-24T07:05:33.709Z] <<< [apiv2][status] GET https://cloudresourcemanager.googleapis.com/v1/projects/my-chat-box-ec5b0 200
[debug] [2026-02-24T07:05:33.710Z] <<< [apiv2][body] GET https://cloudresourcemanager.googleapis.com/v1/projects/my-chat-box-ec5b0 {"projectNumber":"387721645160","projectId":"my-chat-box-ec5b0","lifecycleState":"ACTIVE","name":"My-Chat-Box","labels":{"firebase":"enabled","firebase-core":"disabled"},"createTime":"2025-12-16T10:09:03.627895Z","parent":{"type":"organization","id":"128541183443"}}
[info] i  functions: preparing codebase default for deployment 
[info] i  functions: ensuring required API cloudfunctions.googleapis.com is enabled... 
[info] i  functions: ensuring required API cloudbuild.googleapis.com is enabled... 
[info] i  artifactregistry: ensuring required API artifactregistry.googleapis.com is enabled... 
[debug] [2026-02-24T07:05:33.711Z] Checked if tokens are valid: true, expires at: 1771920329236
[debug] [2026-02-24T07:05:33.711Z] Checked if tokens are valid: true, expires at: 1771920329236
[debug] [2026-02-24T07:05:33.711Z] >>> [apiv2][query] GET https://firebase.googleapis.com/v1beta1/projects/my-chat-box-ec5b0/adminSdkConfig [none]
[debug] [2026-02-24T07:05:34.297Z] <<< [apiv2][status] GET https://firebase.googleapis.com/v1beta1/projects/my-chat-box-ec5b0/adminSdkConfig 200
[debug] [2026-02-24T07:05:34.297Z] <<< [apiv2][body] GET https://firebase.googleapis.com/v1beta1/projects/my-chat-box-ec5b0/adminSdkConfig {"projectId":"my-chat-box-ec5b0","storageBucket":"my-chat-box-ec5b0.firebasestorage.app"}
[debug] [2026-02-24T07:05:34.298Z] Checked if tokens are valid: true, expires at: 1771920329236
[debug] [2026-02-24T07:05:34.298Z] Checked if tokens are valid: true, expires at: 1771920329236
[debug] [2026-02-24T07:05:34.298Z] >>> [apiv2][query] GET https://runtimeconfig.googleapis.com/v1beta1/projects/my-chat-box-ec5b0/configs [none]
[debug] [2026-02-24T07:05:34.640Z] <<< [apiv2][status] GET https://runtimeconfig.googleapis.com/v1beta1/projects/my-chat-box-ec5b0/configs 200
[debug] [2026-02-24T07:05:34.641Z] <<< [apiv2][body] GET https://runtimeconfig.googleapis.com/v1beta1/projects/my-chat-box-ec5b0/configs {}
[debug] [2026-02-24T07:05:34.642Z] Validating nodejs source
[warn] ⚠  functions: package.json indicates an outdated version of firebase-functions. Please upgrade using npm install --save firebase-functions@latest in your functions directory. 
[warn] ⚠  functions: Please note that there will be breaking changes when you upgrade. 
[debug] [2026-02-24T07:05:34.873Z] > [functions] package.json contents: {
  "name": "functions",
  "scripts": {
    "lint": "eslint",
    "build": "tsc",
    "build:watch": "tsc --watch",
    "serve": "npm run build && firebase emulators:start --only functions",
    "shell": "npm run build && firebase functions:shell",
    "start": "npm run shell",
    "deploy": "firebase deploy --only functions",
    "logs": "firebase functions:log"
  },
  "engines": {
    "node": "22"
  },
  "main": "lib/index.js",
  "dependencies": {
    "dotenv": "^16.6.1",
    "firebase-admin": "^11.5.0",
    "firebase-functions": "^4.2.0"
  },
  "devDependencies": {
    "@typescript-eslint/eslint-plugin": "^5.12.0",
    "@typescript-eslint/parser": "^5.12.0",
    "eslint": "^8.9.0",
    "eslint-config-google": "^0.14.0",
    "eslint-plugin-import": "^2.25.4",
    "firebase-functions-test": "^3.0.0",
    "typescript": "^4.9.0"
  },
  "private": true
}
[debug] [2026-02-24T07:05:34.873Z] Building nodejs source
[info] i  functions: Loading and analyzing source code for codebase default to determine what to deploy 
[info] i  functions: You are using a version of firebase-functions SDK (4.9.0) that does not have support for the newest Firebase Extensions features. Please update firebase-functions SDK to >=5.1.0 to use them correctly 
[debug] [2026-02-24T07:05:34.873Z] Could not find functions.yaml. Must use http discovery
[debug] [2026-02-24T07:05:34.875Z] Found firebase-functions binary at '/Users/vedantlights/Documents/GitHub/App-Code/functions/node_modules/.bin/firebase-functions'
[info] Serving at port 8024

[debug] [2026-02-24T07:05:35.052Z] Got response from /__/functions.yaml {"endpoints":{"onChatMessageCreated":{"platform":"gcfv1","availableMemoryMb":null,"timeoutSeconds":null,"minInstances":null,"maxInstances":null,"ingressSettings":null,"serviceAccountEmail":null,"vpc":null,"eventTrigger":{"eventType":"providers/cloud.firestore/eventTypes/document.create","eventFilters":{"resource":"projects/my-chat-box-ec5b0/databases/(default)/documents/chats/{chatRoomId}/messages/{messageId}"},"retry":false},"labels":{},"entryPoint":"onChatMessageCreated"}},"specVersion":"v1alpha1","requiredAPIs":[]}
[info] i  functions: Loaded environment variables from .env. 
[info] i  functions: preparing functions directory for uploading... 
[info] i  functions: packaged /Users/vedantlights/Documents/GitHub/App-Code/functions (100.97 KB) for uploading 
[debug] [2026-02-24T07:05:39.099Z] Checked if tokens are valid: true, expires at: 1771920329236
[debug] [2026-02-24T07:05:39.099Z] Checked if tokens are valid: true, expires at: 1771920329236
[debug] [2026-02-24T07:05:39.099Z] >>> [apiv2][query] GET https://cloudfunctions.googleapis.com/v1/projects/my-chat-box-ec5b0/locations/-/functions [none]
[debug] [2026-02-24T07:05:39.879Z] <<< [apiv2][status] GET https://cloudfunctions.googleapis.com/v1/projects/my-chat-box-ec5b0/locations/-/functions 200
[debug] [2026-02-24T07:05:39.879Z] <<< [apiv2][body] GET https://cloudfunctions.googleapis.com/v1/projects/my-chat-box-ec5b0/locations/-/functions {"functions":[{"name":"projects/my-chat-box-ec5b0/locations/us-central1/functions/onChatMessageCreated","eventTrigger":{"eventType":"providers/cloud.firestore/eventTypes/document.create","resource":"projects/my-chat-box-ec5b0/databases/(default)/documents/chats/{chatRoomId}/messages/{messageId}","service":"firestore.googleapis.com","failurePolicy":{}},"status":"ACTIVE","entryPoint":"onChatMessageCreated","timeout":"60s","availableMemoryMb":256,"serviceAccountEmail":"my-chat-box-ec5b0@appspot.gserviceaccount.com","updateTime":"2026-02-24T06:57:40.106Z","versionId":"4","labels":{"deployment-tool":"cli-firebase","firebase-functions-hash":"bbab0fde77869879a5f651fb0b732cb53309e154"},"sourceUploadUrl":"https://storage.googleapis.com/uploads-249802210469.us-central1.cloudfunctions.appspot.com/d837e9ea-b013-4a1d-86b4-307eed8e327f.zip","environmentVariables":{"FIREBASE_CONFIG":"{\"projectId\":\"my-chat-box-ec5b0\",\"storageBucket\":\"my-chat-box-ec5b0.firebasestorage.app\"}","GCLOUD_PROJECT":"my-chat-box-ec5b0","EVENTARC_CLOUD_EVENT_SOURCE":"projects/my-chat-box-ec5b0/locations/us-central1/functions/onChatMessageCreated"},"runtime":"nodejs22","maxInstances":3000,"ingressSettings":"ALLOW_ALL","buildId":"0c476e92-092f-47c5-9433-93b8e38b7443","buildEnvironmentVariables":{"GOOGLE_NODE_RUN_SCRIPTS":""},"buildName":"projects/387721645160/locations/us-central1/builds/0c476e92-092f-47c5-9433-93b8e38b7443","dockerRegistry":"ARTIFACT_REGISTRY","automaticUpdatePolicy":{},"buildServiceAccount":"projects/my-chat-box-ec5b0/serviceAccounts/387721645160-compute@developer.gserviceaccount.com","satisfiesPzi":true}]}
[debug] [2026-02-24T07:05:39.880Z] Checked if tokens are valid: true, expires at: 1771920329236
[debug] [2026-02-24T07:05:39.880Z] Checked if tokens are valid: true, expires at: 1771920329236
[debug] [2026-02-24T07:05:39.880Z] >>> [apiv2][query] GET https://cloudfunctions.googleapis.com/v2/projects/my-chat-box-ec5b0/locations/-/functions filter=environment%3D%22GEN_2%22
[debug] [2026-02-24T07:05:41.514Z] <<< [apiv2][status] GET https://cloudfunctions.googleapis.com/v2/projects/my-chat-box-ec5b0/locations/-/functions 200
[debug] [2026-02-24T07:05:41.514Z] <<< [apiv2][body] GET https://cloudfunctions.googleapis.com/v2/projects/my-chat-box-ec5b0/locations/-/functions {}
[debug] [2026-02-24T07:05:41.518Z] Checked if tokens are valid: true, expires at: 1771920329236
[debug] [2026-02-24T07:05:41.518Z] Checked if tokens are valid: true, expires at: 1771920329236
[debug] [2026-02-24T07:05:41.518Z] >>> [apiv2][query] GET https://cloudresourcemanager.googleapis.com/v1/projects/my-chat-box-ec5b0 [none]
[debug] [2026-02-24T07:05:42.928Z] <<< [apiv2][status] GET https://cloudresourcemanager.googleapis.com/v1/projects/my-chat-box-ec5b0 200
[debug] [2026-02-24T07:05:42.928Z] <<< [apiv2][body] GET https://cloudresourcemanager.googleapis.com/v1/projects/my-chat-box-ec5b0 {"projectNumber":"387721645160","projectId":"my-chat-box-ec5b0","lifecycleState":"ACTIVE","name":"My-Chat-Box","labels":{"firebase":"enabled","firebase-core":"disabled"},"createTime":"2025-12-16T10:09:03.627895Z","parent":{"type":"organization","id":"128541183443"}}
[debug] [2026-02-24T07:05:42.930Z] Checked if tokens are valid: true, expires at: 1771920329236
[debug] [2026-02-24T07:05:42.930Z] Checked if tokens are valid: true, expires at: 1771920329236
[debug] [2026-02-24T07:05:42.930Z] >>> [apiv2][query] POST https://cloudfunctions.googleapis.com/v1/projects/my-chat-box-ec5b0/locations/us-central1/functions:generateUploadUrl [none]
[debug] [2026-02-24T07:05:42.930Z] >>> [apiv2][body] POST https://cloudfunctions.googleapis.com/v1/projects/my-chat-box-ec5b0/locations/us-central1/functions:generateUploadUrl {}
[debug] [2026-02-24T07:05:43.780Z] <<< [apiv2][status] POST https://cloudfunctions.googleapis.com/v1/projects/my-chat-box-ec5b0/locations/us-central1/functions:generateUploadUrl 200
[debug] [2026-02-24T07:05:43.780Z] <<< [apiv2][body] POST https://cloudfunctions.googleapis.com/v1/projects/my-chat-box-ec5b0/locations/us-central1/functions:generateUploadUrl {"uploadUrl":"https://storage.googleapis.com/uploads-249802210469.us-central1.cloudfunctions.appspot.com/fda50403-a5cb-4ee8-b04f-1816a3a2fae7.zip?GoogleAccessId=service-387721645160@gcf-admin-robot.iam.gserviceaccount.com&Expires=1771918543&Signature=x4bDEvukn6THi%2BhKBWbRm%2BEnaL2LOLvBeevGG5wGvnS18jROMJGPpO8TuzbeyX1AEO3Bc77ddkFHvS%2FHon0p4aherlMyPnlkYQOgcZSevvgDHa%2BgcOV%2Fd9IlGn%2BaT3myZbsyN8jbljf6SW%2BF53BXy4337CN4D6AqkneZCrmWCtBNTpmWvp3RquJZLMCVAvLMHp3NW4er1o6IratcwHdy3LIlJmSJTCQK8FogWzWIkSzVyiB70HQmPmPZ%2FWBPK6KA4%2BbjSrGsqNR2WhXXmMKQDO1vfOcThZVSbZVSOh9GeAjXCG4FBWqMRZjW6tGfH%2BYFV%2FzbNFjXKtwsmc4ftFJweg%3D%3D"}
[debug] [2026-02-24T07:05:43.782Z] >>> [apiv2][query] PUT https://storage.googleapis.com/uploads-249802210469.us-central1.cloudfunctions.appspot.com/fda50403-a5cb-4ee8-b04f-1816a3a2fae7.zip GoogleAccessId=service-387721645160%40gcf-admin-robot.iam.gserviceaccount.com&Expires=1771918543&Signature=x4bDEvukn6THi%2BhKBWbRm%2BEnaL2LOLvBeevGG5wGvnS18jROMJGPpO8TuzbeyX1AEO3Bc77ddkFHvS%2FHon0p4aherlMyPnlkYQOgcZSevvgDHa%2BgcOV%2Fd9IlGn%2BaT3myZbsyN8jbljf6SW%2BF53BXy4337CN4D6AqkneZCrmWCtBNTpmWvp3RquJZLMCVAvLMHp3NW4er1o6IratcwHdy3LIlJmSJTCQK8FogWzWIkSzVyiB70HQmPmPZ%2FWBPK6KA4%2BbjSrGsqNR2WhXXmMKQDO1vfOcThZVSbZVSOh9GeAjXCG4FBWqMRZjW6tGfH%2BYFV%2FzbNFjXKtwsmc4ftFJweg%3D%3D
[debug] [2026-02-24T07:05:43.782Z] >>> [apiv2][body] PUT https://storage.googleapis.com/uploads-249802210469.us-central1.cloudfunctions.appspot.com/fda50403-a5cb-4ee8-b04f-1816a3a2fae7.zip [stream]
[debug] [2026-02-24T07:05:44.988Z] <<< [apiv2][status] PUT https://storage.googleapis.com/uploads-249802210469.us-central1.cloudfunctions.appspot.com/fda50403-a5cb-4ee8-b04f-1816a3a2fae7.zip 200
[debug] [2026-02-24T07:05:44.988Z] <<< [apiv2][body] PUT https://storage.googleapis.com/uploads-249802210469.us-central1.cloudfunctions.appspot.com/fda50403-a5cb-4ee8-b04f-1816a3a2fae7.zip [omitted]
[info] ✔  functions: functions source uploaded successfully 
[info] i  functions: updating Node.js 22 (1st Gen) function onChatMessageCreated(us-central1)... 
[debug] [2026-02-24T07:05:44.992Z] Checked if tokens are valid: true, expires at: 1771920329236
[debug] [2026-02-24T07:05:44.993Z] Checked if tokens are valid: true, expires at: 1771920329236
[debug] [2026-02-24T07:05:44.993Z] >>> [apiv2][query] PATCH https://cloudfunctions.googleapis.com/v1/projects/my-chat-box-ec5b0/locations/us-central1/functions/onChatMessageCreated updateMask=name%2CsourceUploadUrl%2CentryPoint%2Cruntime%2CdockerRegistry%2Clabels%2CeventTrigger.eventType%2CeventTrigger.resource%2CeventTrigger.failurePolicy%2CminInstances%2CmaxInstances%2CingressSettings%2CenvironmentVariables%2CserviceAccountEmail%2CavailableMemoryMb%2Ctimeout%2CvpcConnector%2CvpcConnectorEgressSettings%2CsourceToken%2CbuildEnvironmentVariables
[debug] [2026-02-24T07:05:44.993Z] >>> [apiv2][body] PATCH https://cloudfunctions.googleapis.com/v1/projects/my-chat-box-ec5b0/locations/us-central1/functions/onChatMessageCreated {"name":"projects/my-chat-box-ec5b0/locations/us-central1/functions/onChatMessageCreated","sourceUploadUrl":"https://storage.googleapis.com/uploads-249802210469.us-central1.cloudfunctions.appspot.com/fda50403-a5cb-4ee8-b04f-1816a3a2fae7.zip?GoogleAccessId=service-387721645160@gcf-admin-robot.iam.gserviceaccount.com&Expires=1771918543&Signature=x4bDEvukn6THi%2BhKBWbRm%2BEnaL2LOLvBeevGG5wGvnS18jROMJGPpO8TuzbeyX1AEO3Bc77ddkFHvS%2FHon0p4aherlMyPnlkYQOgcZSevvgDHa%2BgcOV%2Fd9IlGn%2BaT3myZbsyN8jbljf6SW%2BF53BXy4337CN4D6AqkneZCrmWCtBNTpmWvp3RquJZLMCVAvLMHp3NW4er1o6IratcwHdy3LIlJmSJTCQK8FogWzWIkSzVyiB70HQmPmPZ%2FWBPK6KA4%2BbjSrGsqNR2WhXXmMKQDO1vfOcThZVSbZVSOh9GeAjXCG4FBWqMRZjW6tGfH%2BYFV%2FzbNFjXKtwsmc4ftFJweg%3D%3D","entryPoint":"onChatMessageCreated","runtime":"nodejs22","dockerRegistry":"ARTIFACT_REGISTRY","labels":{"deployment-tool":"cli-firebase","firebase-functions-hash":"d006fb6355694193f78df45ad0dbcb3061b2d628"},"eventTrigger":{"eventType":"providers/cloud.firestore/eventTypes/document.create","resource":"projects/my-chat-box-ec5b0/databases/(default)/documents/chats/{chatRoomId}/messages/{messageId}"},"minInstances":null,"maxInstances":null,"ingressSettings":null,"environmentVariables":{"BACKEND_URL":"https://360coordinates.com/backend","BACKEND_FCM_SECRET":"V1d2a3n4t@2020","FIREBASE_CONFIG":"{\"projectId\":\"my-chat-box-ec5b0\",\"storageBucket\":\"my-chat-box-ec5b0.firebasestorage.app\"}","GCLOUD_PROJECT":"my-chat-box-ec5b0","EVENTARC_CLOUD_EVENT_SOURCE":"projects/my-chat-box-ec5b0/locations/us-central1/functions/onChatMessageCreated"},"serviceAccountEmail":null,"availableMemoryMb":null,"timeout":null,"vpcConnector":null,"vpcConnectorEgressSettings":null,"buildEnvironmentVariables":{"GOOGLE_NODE_RUN_SCRIPTS":""}}
[debug] [2026-02-24T07:05:45.725Z] <<< [apiv2][status] PATCH https://cloudfunctions.googleapis.com/v1/projects/my-chat-box-ec5b0/locations/us-central1/functions/onChatMessageCreated 200
[debug] [2026-02-24T07:05:45.726Z] <<< [apiv2][body] PATCH https://cloudfunctions.googleapis.com/v1/projects/my-chat-box-ec5b0/locations/us-central1/functions/onChatMessageCreated {"name":"operations/bXktY2hhdC1ib3gtZWM1YjAvdXMtY2VudHJhbDEvb25DaGF0TWVzc2FnZUNyZWF0ZWQvUWRwbDFGX3ZraFU","metadata":{"@type":"type.googleapis.com/google.cloud.functions.v1.OperationMetadataV1","target":"projects/my-chat-box-ec5b0/locations/us-central1/functions/onChatMessageCreated","type":"UPDATE_FUNCTION","request":{"@type":"type.googleapis.com/google.cloud.functions.v1.CloudFunction","name":"projects/my-chat-box-ec5b0/locations/us-central1/functions/onChatMessageCreated","eventTrigger":{"eventType":"providers/cloud.firestore/eventTypes/document.create","resource":"projects/my-chat-box-ec5b0/databases/(default)/documents/chats/{chatRoomId}/messages/{messageId}","service":"firestore.googleapis.com"},"status":"ACTIVE","entryPoint":"onChatMessageCreated","updateTime":"2026-02-24T06:57:40.106Z","versionId":"4","labels":{"deployment-tool":"cli-firebase","firebase-functions-hash":"d006fb6355694193f78df45ad0dbcb3061b2d628"},"sourceUploadUrl":"https://storage.googleapis.com/uploads-249802210469.us-central1.cloudfunctions.appspot.com/fda50403-a5cb-4ee8-b04f-1816a3a2fae7.zip?GoogleAccessId=service-387721645160@gcf-admin-robot.iam.gserviceaccount.com&Expires=1771918543&Signature=x4bDEvukn6THi%2BhKBWbRm%2BEnaL2LOLvBeevGG5wGvnS18jROMJGPpO8TuzbeyX1AEO3Bc77ddkFHvS%2FHon0p4aherlMyPnlkYQOgcZSevvgDHa%2BgcOV%2Fd9IlGn%2BaT3myZbsyN8jbljf6SW%2BF53BXy4337CN4D6AqkneZCrmWCtBNTpmWvp3RquJZLMCVAvLMHp3NW4er1o6IratcwHdy3LIlJmSJTCQK8FogWzWIkSzVyiB70HQmPmPZ%2FWBPK6KA4%2BbjSrGsqNR2WhXXmMKQDO1vfOcThZVSbZVSOh9GeAjXCG4FBWqMRZjW6tGfH%2BYFV%2FzbNFjXKtwsmc4ftFJweg%3D%3D","environmentVariables":{"BACKEND_URL":"https://360coordinates.com/backend","BACKEND_FCM_SECRET":"V1d2a3n4t@2020","FIREBASE_CONFIG":"{\"projectId\":\"my-chat-box-ec5b0\",\"storageBucket\":\"my-chat-box-ec5b0.firebasestorage.app\"}","GCLOUD_PROJECT":"my-chat-box-ec5b0","EVENTARC_CLOUD_EVENT_SOURCE":"projects/my-chat-box-ec5b0/locations/us-central1/functions/onChatMessageCreated"},"runtime":"nodejs22","buildId":"0c476e92-092f-47c5-9433-93b8e38b7443","buildEnvironmentVariables":{"GOOGLE_NODE_RUN_SCRIPTS":""},"buildName":"projects/387721645160/locations/us-central1/builds/0c476e92-092f-47c5-9433-93b8e38b7443","dockerRegistry":"ARTIFACT_REGISTRY","automaticUpdatePolicy":{},"buildServiceAccount":"projects/my-chat-box-ec5b0/serviceAccounts/387721645160-compute@developer.gserviceaccount.com"},"versionId":"5","updateTime":"2026-02-24T07:05:45Z"}}
[debug] [2026-02-24T07:05:45.727Z] Checked if tokens are valid: true, expires at: 1771920329236
[debug] [2026-02-24T07:05:45.727Z] Checked if tokens are valid: true, expires at: 1771920329236
[debug] [2026-02-24T07:05:45.727Z] >>> [apiv2][query] GET https://cloudfunctions.googleapis.com/v1/operations/bXktY2hhdC1ib3gtZWM1YjAvdXMtY2VudHJhbDEvb25DaGF0TWVzc2FnZUNyZWF0ZWQvUWRwbDFGX3ZraFU [none]
[debug] [2026-02-24T07:05:46.178Z] <<< [apiv2][status] GET https://cloudfunctions.googleapis.com/v1/operations/bXktY2hhdC1ib3gtZWM1YjAvdXMtY2VudHJhbDEvb25DaGF0TWVzc2FnZUNyZWF0ZWQvUWRwbDFGX3ZraFU 200
[debug] [2026-02-24T07:05:46.178Z] <<< [apiv2][body] GET https://cloudfunctions.googleapis.com/v1/operations/bXktY2hhdC1ib3gtZWM1YjAvdXMtY2VudHJhbDEvb25DaGF0TWVzc2FnZUNyZWF0ZWQvUWRwbDFGX3ZraFU {"name":"operations/bXktY2hhdC1ib3gtZWM1YjAvdXMtY2VudHJhbDEvb25DaGF0TWVzc2FnZUNyZWF0ZWQvUWRwbDFGX3ZraFU","metadata":{"@type":"type.googleapis.com/google.cloud.functions.v1.OperationMetadataV1","target":"projects/my-chat-box-ec5b0/locations/us-central1/functions/onChatMessageCreated","type":"UPDATE_FUNCTION","request":{"@type":"type.googleapis.com/google.cloud.functions.v1.CloudFunction","name":"projects/my-chat-box-ec5b0/locations/us-central1/functions/onChatMessageCreated","eventTrigger":{"eventType":"providers/cloud.firestore/eventTypes/document.create","resource":"projects/my-chat-box-ec5b0/databases/(default)/documents/chats/{chatRoomId}/messages/{messageId}","service":"firestore.googleapis.com"},"status":"ACTIVE","entryPoint":"onChatMessageCreated","updateTime":"2026-02-24T06:57:40.106Z","versionId":"4","labels":{"deployment-tool":"cli-firebase","firebase-functions-hash":"d006fb6355694193f78df45ad0dbcb3061b2d628"},"sourceUploadUrl":"https://storage.googleapis.com/uploads-249802210469.us-central1.cloudfunctions.appspot.com/fda50403-a5cb-4ee8-b04f-1816a3a2fae7.zip?GoogleAccessId=service-387721645160@gcf-admin-robot.iam.gserviceaccount.com&Expires=1771918543&Signature=x4bDEvukn6THi%2BhKBWbRm%2BEnaL2LOLvBeevGG5wGvnS18jROMJGPpO8TuzbeyX1AEO3Bc77ddkFHvS%2FHon0p4aherlMyPnlkYQOgcZSevvgDHa%2BgcOV%2Fd9IlGn%2BaT3myZbsyN8jbljf6SW%2BF53BXy4337CN4D6AqkneZCrmWCtBNTpmWvp3RquJZLMCVAvLMHp3NW4er1o6IratcwHdy3LIlJmSJTCQK8FogWzWIkSzVyiB70HQmPmPZ%2FWBPK6KA4%2BbjSrGsqNR2WhXXmMKQDO1vfOcThZVSbZVSOh9GeAjXCG4FBWqMRZjW6tGfH%2BYFV%2FzbNFjXKtwsmc4ftFJweg%3D%3D","environmentVariables":{"BACKEND_URL":"https://360coordinates.com/backend","BACKEND_FCM_SECRET":"V1d2a3n4t@2020","FIREBASE_CONFIG":"{\"projectId\":\"my-chat-box-ec5b0\",\"storageBucket\":\"my-chat-box-ec5b0.firebasestorage.app\"}","GCLOUD_PROJECT":"my-chat-box-ec5b0","EVENTARC_CLOUD_EVENT_SOURCE":"projects/my-chat-box-ec5b0/locations/us-central1/functions/onChatMessageCreated"},"runtime":"nodejs22","buildId":"0c476e92-092f-47c5-9433-93b8e38b7443","buildEnvironmentVariables":{"GOOGLE_NODE_RUN_SCRIPTS":""},"buildName":"projects/387721645160/locations/us-central1/builds/0c476e92-092f-47c5-9433-93b8e38b7443","dockerRegistry":"ARTIFACT_REGISTRY","automaticUpdatePolicy":{},"buildServiceAccount":"projects/my-chat-box-ec5b0/serviceAccounts/387721645160-compute@developer.gserviceaccount.com"},"versionId":"5","updateTime":"2026-02-24T07:05:45Z"}}
[debug] [2026-02-24T07:05:46.679Z] [update-default-us-central1-onChatMessageCreated] Retrying task index 0
[debug] [2026-02-24T07:05:46.680Z] Checked if tokens are valid: true, expires at: 1771920329236
[debug] [2026-02-24T07:05:46.680Z] Checked if tokens are valid: true, expires at: 1771920329236
[debug] [2026-02-24T07:05:46.680Z] >>> [apiv2][query] GET https://cloudfunctions.googleapis.com/v1/operations/bXktY2hhdC1ib3gtZWM1YjAvdXMtY2VudHJhbDEvb25DaGF0TWVzc2FnZUNyZWF0ZWQvUWRwbDFGX3ZraFU [none]
[debug] [2026-02-24T07:05:47.129Z] <<< [apiv2][status] GET https://cloudfunctions.googleapis.com/v1/operations/bXktY2hhdC1ib3gtZWM1YjAvdXMtY2VudHJhbDEvb25DaGF0TWVzc2FnZUNyZWF0ZWQvUWRwbDFGX3ZraFU 200
[debug] [2026-02-24T07:05:47.129Z] <<< [apiv2][body] GET https://cloudfunctions.googleapis.com/v1/operations/bXktY2hhdC1ib3gtZWM1YjAvdXMtY2VudHJhbDEvb25DaGF0TWVzc2FnZUNyZWF0ZWQvUWRwbDFGX3ZraFU {"name":"operations/bXktY2hhdC1ib3gtZWM1YjAvdXMtY2VudHJhbDEvb25DaGF0TWVzc2FnZUNyZWF0ZWQvUWRwbDFGX3ZraFU","metadata":{"@type":"type.googleapis.com/google.cloud.functions.v1.OperationMetadataV1","target":"projects/my-chat-box-ec5b0/locations/us-central1/functions/onChatMessageCreated","type":"UPDATE_FUNCTION","request":{"@type":"type.googleapis.com/google.cloud.functions.v1.CloudFunction","name":"projects/my-chat-box-ec5b0/locations/us-central1/functions/onChatMessageCreated","eventTrigger":{"eventType":"providers/cloud.firestore/eventTypes/document.create","resource":"projects/my-chat-box-ec5b0/databases/(default)/documents/chats/{chatRoomId}/messages/{messageId}","service":"firestore.googleapis.com"},"status":"ACTIVE","entryPoint":"onChatMessageCreated","updateTime":"2026-02-24T06:57:40.106Z","versionId":"4","labels":{"deployment-tool":"cli-firebase","firebase-functions-hash":"d006fb6355694193f78df45ad0dbcb3061b2d628"},"sourceUploadUrl":"https://storage.googleapis.com/uploads-249802210469.us-central1.cloudfunctions.appspot.com/fda50403-a5cb-4ee8-b04f-1816a3a2fae7.zip?GoogleAccessId=service-387721645160@gcf-admin-robot.iam.gserviceaccount.com&Expires=1771918543&Signature=x4bDEvukn6THi%2BhKBWbRm%2BEnaL2LOLvBeevGG5wGvnS18jROMJGPpO8TuzbeyX1AEO3Bc77ddkFHvS%2FHon0p4aherlMyPnlkYQOgcZSevvgDHa%2BgcOV%2Fd9IlGn%2BaT3myZbsyN8jbljf6SW%2BF53BXy4337CN4D6AqkneZCrmWCtBNTpmWvp3RquJZLMCVAvLMHp3NW4er1o6IratcwHdy3LIlJmSJTCQK8FogWzWIkSzVyiB70HQmPmPZ%2FWBPK6KA4%2BbjSrGsqNR2WhXXmMKQDO1vfOcThZVSbZVSOh9GeAjXCG4FBWqMRZjW6tGfH%2BYFV%2FzbNFjXKtwsmc4ftFJweg%3D%3D","environmentVariables":{"BACKEND_URL":"https://360coordinates.com/backend","BACKEND_FCM_SECRET":"V1d2a3n4t@2020","FIREBASE_CONFIG":"{\"projectId\":\"my-chat-box-ec5b0\",\"storageBucket\":\"my-chat-box-ec5b0.firebasestorage.app\"}","GCLOUD_PROJECT":"my-chat-box-ec5b0","EVENTARC_CLOUD_EVENT_SOURCE":"projects/my-chat-box-ec5b0/locations/us-central1/functions/onChatMessageCreated"},"runtime":"nodejs22","buildId":"0c476e92-092f-47c5-9433-93b8e38b7443","buildEnvironmentVariables":{"GOOGLE_NODE_RUN_SCRIPTS":""},"buildName":"projects/387721645160/locations/us-central1/builds/0c476e92-092f-47c5-9433-93b8e38b7443","dockerRegistry":"ARTIFACT_REGISTRY","automaticUpdatePolicy":{},"buildServiceAccount":"projects/my-chat-box-ec5b0/serviceAccounts/387721645160-compute@developer.gserviceaccount.com"},"versionId":"5","updateTime":"2026-02-24T07:05:45Z","buildId":"96e86609-8093-4bf0-b45e-e2f6033b0b6c","buildName":"projects/387721645160/locations/us-central1/builds/96e86609-8093-4bf0-b45e-e2f6033b0b6c"}}
[debug] [2026-02-24T07:05:48.130Z] [update-default-us-central1-onChatMessageCreated] Retrying task index 0
[debug] [2026-02-24T07:05:48.131Z] Checked if tokens are valid: true, expires at: 1771920329236
[debug] [2026-02-24T07:05:48.131Z] Checked if tokens are valid: true, expires at: 1771920329236
[debug] [2026-02-24T07:05:48.131Z] >>> [apiv2][query] GET https://cloudfunctions.googleapis.com/v1/operations/bXktY2hhdC1ib3gtZWM1YjAvdXMtY2VudHJhbDEvb25DaGF0TWVzc2FnZUNyZWF0ZWQvUWRwbDFGX3ZraFU [none]
[debug] [2026-02-24T07:05:48.589Z] <<< [apiv2][status] GET https://cloudfunctions.googleapis.com/v1/operations/bXktY2hhdC1ib3gtZWM1YjAvdXMtY2VudHJhbDEvb25DaGF0TWVzc2FnZUNyZWF0ZWQvUWRwbDFGX3ZraFU 200
[debug] [2026-02-24T07:05:48.589Z] <<< [apiv2][body] GET https://cloudfunctions.googleapis.com/v1/operations/bXktY2hhdC1ib3gtZWM1YjAvdXMtY2VudHJhbDEvb25DaGF0TWVzc2FnZUNyZWF0ZWQvUWRwbDFGX3ZraFU {"name":"operations/bXktY2hhdC1ib3gtZWM1YjAvdXMtY2VudHJhbDEvb25DaGF0TWVzc2FnZUNyZWF0ZWQvUWRwbDFGX3ZraFU","metadata":{"@type":"type.googleapis.com/google.cloud.functions.v1.OperationMetadataV1","target":"projects/my-chat-box-ec5b0/locations/us-central1/functions/onChatMessageCreated","type":"UPDATE_FUNCTION","request":{"@type":"type.googleapis.com/google.cloud.functions.v1.CloudFunction","name":"projects/my-chat-box-ec5b0/locations/us-central1/functions/onChatMessageCreated","eventTrigger":{"eventType":"providers/cloud.firestore/eventTypes/document.create","resource":"projects/my-chat-box-ec5b0/databases/(default)/documents/chats/{chatRoomId}/messages/{messageId}","service":"firestore.googleapis.com"},"status":"ACTIVE","entryPoint":"onChatMessageCreated","updateTime":"2026-02-24T06:57:40.106Z","versionId":"4","labels":{"deployment-tool":"cli-firebase","firebase-functions-hash":"d006fb6355694193f78df45ad0dbcb3061b2d628"},"sourceUploadUrl":"https://storage.googleapis.com/uploads-249802210469.us-central1.cloudfunctions.appspot.com/fda50403-a5cb-4ee8-b04f-1816a3a2fae7.zip?GoogleAccessId=service-387721645160@gcf-admin-robot.iam.gserviceaccount.com&Expires=1771918543&Signature=x4bDEvukn6THi%2BhKBWbRm%2BEnaL2LOLvBeevGG5wGvnS18jROMJGPpO8TuzbeyX1AEO3Bc77ddkFHvS%2FHon0p4aherlMyPnlkYQOgcZSevvgDHa%2BgcOV%2Fd9IlGn%2BaT3myZbsyN8jbljf6SW%2BF53BXy4337CN4D6AqkneZCrmWCtBNTpmWvp3RquJZLMCVAvLMHp3NW4er1o6IratcwHdy3LIlJmSJTCQK8FogWzWIkSzVyiB70HQmPmPZ%2FWBPK6KA4%2BbjSrGsqNR2WhXXmMKQDO1vfOcThZVSbZVSOh9GeAjXCG4FBWqMRZjW6tGfH%2BYFV%2FzbNFjXKtwsmc4ftFJweg%3D%3D","environmentVariables":{"BACKEND_URL":"https://360coordinates.com/backend","BACKEND_FCM_SECRET":"V1d2a3n4t@2020","FIREBASE_CONFIG":"{\"projectId\":\"my-chat-box-ec5b0\",\"storageBucket\":\"my-chat-box-ec5b0.firebasestorage.app\"}","GCLOUD_PROJECT":"my-chat-box-ec5b0","EVENTARC_CLOUD_EVENT_SOURCE":"projects/my-chat-box-ec5b0/locations/us-central1/functions/onChatMessageCreated"},"runtime":"nodejs22","buildId":"0c476e92-092f-47c5-9433-93b8e38b7443","buildEnvironmentVariables":{"GOOGLE_NODE_RUN_SCRIPTS":""},"buildName":"projects/387721645160/locations/us-central1/builds/0c476e92-092f-47c5-9433-93b8e38b7443","dockerRegistry":"ARTIFACT_REGISTRY","automaticUpdatePolicy":{},"buildServiceAccount":"projects/my-chat-box-ec5b0/serviceAccounts/387721645160-compute@developer.gserviceaccount.com"},"versionId":"5","updateTime":"2026-02-24T07:05:45Z","buildId":"96e86609-8093-4bf0-b45e-e2f6033b0b6c","buildName":"projects/387721645160/locations/us-central1/builds/96e86609-8093-4bf0-b45e-e2f6033b0b6c"}}
[debug] [2026-02-24T07:05:50.590Z] [update-default-us-central1-onChatMessageCreated] Retrying task index 0
[debug] [2026-02-24T07:05:50.591Z] Checked if tokens are valid: true, expires at: 1771920329236
[debug] [2026-02-24T07:05:50.591Z] Checked if tokens are valid: true, expires at: 1771920329236
[debug] [2026-02-24T07:05:50.591Z] >>> [apiv2][query] GET https://cloudfunctions.googleapis.com/v1/operations/bXktY2hhdC1ib3gtZWM1YjAvdXMtY2VudHJhbDEvb25DaGF0TWVzc2FnZUNyZWF0ZWQvUWRwbDFGX3ZraFU [none]
[debug] [2026-02-24T07:05:51.000Z] <<< [apiv2][status] GET https://cloudfunctions.googleapis.com/v1/operations/bXktY2hhdC1ib3gtZWM1YjAvdXMtY2VudHJhbDEvb25DaGF0TWVzc2FnZUNyZWF0ZWQvUWRwbDFGX3ZraFU 200
[debug] [2026-02-24T07:05:51.000Z] <<< [apiv2][body] GET https://cloudfunctions.googleapis.com/v1/operations/bXktY2hhdC1ib3gtZWM1YjAvdXMtY2VudHJhbDEvb25DaGF0TWVzc2FnZUNyZWF0ZWQvUWRwbDFGX3ZraFU {"name":"operations/bXktY2hhdC1ib3gtZWM1YjAvdXMtY2VudHJhbDEvb25DaGF0TWVzc2FnZUNyZWF0ZWQvUWRwbDFGX3ZraFU","metadata":{"@type":"type.googleapis.com/google.cloud.functions.v1.OperationMetadataV1","target":"projects/my-chat-box-ec5b0/locations/us-central1/functions/onChatMessageCreated","type":"UPDATE_FUNCTION","request":{"@type":"type.googleapis.com/google.cloud.functions.v1.CloudFunction","name":"projects/my-chat-box-ec5b0/locations/us-central1/functions/onChatMessageCreated","eventTrigger":{"eventType":"providers/cloud.firestore/eventTypes/document.create","resource":"projects/my-chat-box-ec5b0/databases/(default)/documents/chats/{chatRoomId}/messages/{messageId}","service":"firestore.googleapis.com"},"status":"ACTIVE","entryPoint":"onChatMessageCreated","updateTime":"2026-02-24T06:57:40.106Z","versionId":"4","labels":{"deployment-tool":"cli-firebase","firebase-functions-hash":"d006fb6355694193f78df45ad0dbcb3061b2d628"},"sourceUploadUrl":"https://storage.googleapis.com/uploads-249802210469.us-central1.cloudfunctions.appspot.com/fda50403-a5cb-4ee8-b04f-1816a3a2fae7.zip?GoogleAccessId=service-387721645160@gcf-admin-robot.iam.gserviceaccount.com&Expires=1771918543&Signature=x4bDEvukn6THi%2BhKBWbRm%2BEnaL2LOLvBeevGG5wGvnS18jROMJGPpO8TuzbeyX1AEO3Bc77ddkFHvS%2FHon0p4aherlMyPnlkYQOgcZSevvgDHa%2BgcOV%2Fd9IlGn%2BaT3myZbsyN8jbljf6SW%2BF53BXy4337CN4D6AqkneZCrmWCtBNTpmWvp3RquJZLMCVAvLMHp3NW4er1o6IratcwHdy3LIlJmSJTCQK8FogWzWIkSzVyiB70HQmPmPZ%2FWBPK6KA4%2BbjSrGsqNR2WhXXmMKQDO1vfOcThZVSbZVSOh9GeAjXCG4FBWqMRZjW6tGfH%2BYFV%2FzbNFjXKtwsmc4ftFJweg%3D%3D","environmentVariables":{"BACKEND_URL":"https://360coordinates.com/backend","BACKEND_FCM_SECRET":"V1d2a3n4t@2020","FIREBASE_CONFIG":"{\"projectId\":\"my-chat-box-ec5b0\",\"storageBucket\":\"my-chat-box-ec5b0.firebasestorage.app\"}","GCLOUD_PROJECT":"my-chat-box-ec5b0","EVENTARC_CLOUD_EVENT_SOURCE":"projects/my-chat-box-ec5b0/locations/us-central1/functions/onChatMessageCreated"},"runtime":"nodejs22","buildId":"0c476e92-092f-47c5-9433-93b8e38b7443","buildEnvironmentVariables":{"GOOGLE_NODE_RUN_SCRIPTS":""},"buildName":"projects/387721645160/locations/us-central1/builds/0c476e92-092f-47c5-9433-93b8e38b7443","dockerRegistry":"ARTIFACT_REGISTRY","automaticUpdatePolicy":{},"buildServiceAccount":"projects/my-chat-box-ec5b0/serviceAccounts/387721645160-compute@developer.gserviceaccount.com"},"versionId":"5","updateTime":"2026-02-24T07:05:45Z","buildId":"96e86609-8093-4bf0-b45e-e2f6033b0b6c","buildName":"projects/387721645160/locations/us-central1/builds/96e86609-8093-4bf0-b45e-e2f6033b0b6c"}}
[debug] [2026-02-24T07:05:55.002Z] [update-default-us-central1-onChatMessageCreated] Retrying task index 0
[debug] [2026-02-24T07:05:55.002Z] Checked if tokens are valid: true, expires at: 1771920329236
[debug] [2026-02-24T07:05:55.002Z] Checked if tokens are valid: true, expires at: 1771920329236
[debug] [2026-02-24T07:05:55.002Z] >>> [apiv2][query] GET https://cloudfunctions.googleapis.com/v1/operations/bXktY2hhdC1ib3gtZWM1YjAvdXMtY2VudHJhbDEvb25DaGF0TWVzc2FnZUNyZWF0ZWQvUWRwbDFGX3ZraFU [none]
[debug] [2026-02-24T07:05:55.406Z] <<< [apiv2][status] GET https://cloudfunctions.googleapis.com/v1/operations/bXktY2hhdC1ib3gtZWM1YjAvdXMtY2VudHJhbDEvb25DaGF0TWVzc2FnZUNyZWF0ZWQvUWRwbDFGX3ZraFU 200
[debug] [2026-02-24T07:05:55.406Z] <<< [apiv2][body] GET https://cloudfunctions.googleapis.com/v1/operations/bXktY2hhdC1ib3gtZWM1YjAvdXMtY2VudHJhbDEvb25DaGF0TWVzc2FnZUNyZWF0ZWQvUWRwbDFGX3ZraFU {"name":"operations/bXktY2hhdC1ib3gtZWM1YjAvdXMtY2VudHJhbDEvb25DaGF0TWVzc2FnZUNyZWF0ZWQvUWRwbDFGX3ZraFU","metadata":{"@type":"type.googleapis.com/google.cloud.functions.v1.OperationMetadataV1","target":"projects/my-chat-box-ec5b0/locations/us-central1/functions/onChatMessageCreated","type":"UPDATE_FUNCTION","request":{"@type":"type.googleapis.com/google.cloud.functions.v1.CloudFunction","name":"projects/my-chat-box-ec5b0/locations/us-central1/functions/onChatMessageCreated","eventTrigger":{"eventType":"providers/cloud.firestore/eventTypes/document.create","resource":"projects/my-chat-box-ec5b0/databases/(default)/documents/chats/{chatRoomId}/messages/{messageId}","service":"firestore.googleapis.com"},"status":"ACTIVE","entryPoint":"onChatMessageCreated","updateTime":"2026-02-24T06:57:40.106Z","versionId":"4","labels":{"deployment-tool":"cli-firebase","firebase-functions-hash":"d006fb6355694193f78df45ad0dbcb3061b2d628"},"sourceUploadUrl":"https://storage.googleapis.com/uploads-249802210469.us-central1.cloudfunctions.appspot.com/fda50403-a5cb-4ee8-b04f-1816a3a2fae7.zip?GoogleAccessId=service-387721645160@gcf-admin-robot.iam.gserviceaccount.com&Expires=1771918543&Signature=x4bDEvukn6THi%2BhKBWbRm%2BEnaL2LOLvBeevGG5wGvnS18jROMJGPpO8TuzbeyX1AEO3Bc77ddkFHvS%2FHon0p4aherlMyPnlkYQOgcZSevvgDHa%2BgcOV%2Fd9IlGn%2BaT3myZbsyN8jbljf6SW%2BF53BXy4337CN4D6AqkneZCrmWCtBNTpmWvp3RquJZLMCVAvLMHp3NW4er1o6IratcwHdy3LIlJmSJTCQK8FogWzWIkSzVyiB70HQmPmPZ%2FWBPK6KA4%2BbjSrGsqNR2WhXXmMKQDO1vfOcThZVSbZVSOh9GeAjXCG4FBWqMRZjW6tGfH%2BYFV%2FzbNFjXKtwsmc4ftFJweg%3D%3D","environmentVariables":{"BACKEND_URL":"https://360coordinates.com/backend","BACKEND_FCM_SECRET":"V1d2a3n4t@2020","FIREBASE_CONFIG":"{\"projectId\":\"my-chat-box-ec5b0\",\"storageBucket\":\"my-chat-box-ec5b0.firebasestorage.app\"}","GCLOUD_PROJECT":"my-chat-box-ec5b0","EVENTARC_CLOUD_EVENT_SOURCE":"projects/my-chat-box-ec5b0/locations/us-central1/functions/onChatMessageCreated"},"runtime":"nodejs22","buildId":"0c476e92-092f-47c5-9433-93b8e38b7443","buildEnvironmentVariables":{"GOOGLE_NODE_RUN_SCRIPTS":""},"buildName":"projects/387721645160/locations/us-central1/builds/0c476e92-092f-47c5-9433-93b8e38b7443","dockerRegistry":"ARTIFACT_REGISTRY","automaticUpdatePolicy":{},"buildServiceAccount":"projects/my-chat-box-ec5b0/serviceAccounts/387721645160-compute@developer.gserviceaccount.com"},"versionId":"5","updateTime":"2026-02-24T07:05:45Z","buildId":"96e86609-8093-4bf0-b45e-e2f6033b0b6c","buildName":"projects/387721645160/locations/us-central1/builds/96e86609-8093-4bf0-b45e-e2f6033b0b6c"}}
[debug] [2026-02-24T07:06:03.407Z] [update-default-us-central1-onChatMessageCreated] Retrying task index 0
[debug] [2026-02-24T07:06:03.408Z] Checked if tokens are valid: true, expires at: 1771920329236
[debug] [2026-02-24T07:06:03.408Z] Checked if tokens are valid: true, expires at: 1771920329236
[debug] [2026-02-24T07:06:03.408Z] >>> [apiv2][query] GET https://cloudfunctions.googleapis.com/v1/operations/bXktY2hhdC1ib3gtZWM1YjAvdXMtY2VudHJhbDEvb25DaGF0TWVzc2FnZUNyZWF0ZWQvUWRwbDFGX3ZraFU [none]
[debug] [2026-02-24T07:06:03.891Z] <<< [apiv2][status] GET https://cloudfunctions.googleapis.com/v1/operations/bXktY2hhdC1ib3gtZWM1YjAvdXMtY2VudHJhbDEvb25DaGF0TWVzc2FnZUNyZWF0ZWQvUWRwbDFGX3ZraFU 200
[debug] [2026-02-24T07:06:03.891Z] <<< [apiv2][body] GET https://cloudfunctions.googleapis.com/v1/operations/bXktY2hhdC1ib3gtZWM1YjAvdXMtY2VudHJhbDEvb25DaGF0TWVzc2FnZUNyZWF0ZWQvUWRwbDFGX3ZraFU {"name":"operations/bXktY2hhdC1ib3gtZWM1YjAvdXMtY2VudHJhbDEvb25DaGF0TWVzc2FnZUNyZWF0ZWQvUWRwbDFGX3ZraFU","metadata":{"@type":"type.googleapis.com/google.cloud.functions.v1.OperationMetadataV1","target":"projects/my-chat-box-ec5b0/locations/us-central1/functions/onChatMessageCreated","type":"UPDATE_FUNCTION","request":{"@type":"type.googleapis.com/google.cloud.functions.v1.CloudFunction","name":"projects/my-chat-box-ec5b0/locations/us-central1/functions/onChatMessageCreated","eventTrigger":{"eventType":"providers/cloud.firestore/eventTypes/document.create","resource":"projects/my-chat-box-ec5b0/databases/(default)/documents/chats/{chatRoomId}/messages/{messageId}","service":"firestore.googleapis.com"},"status":"ACTIVE","entryPoint":"onChatMessageCreated","updateTime":"2026-02-24T06:57:40.106Z","versionId":"4","labels":{"deployment-tool":"cli-firebase","firebase-functions-hash":"d006fb6355694193f78df45ad0dbcb3061b2d628"},"sourceUploadUrl":"https://storage.googleapis.com/uploads-249802210469.us-central1.cloudfunctions.appspot.com/fda50403-a5cb-4ee8-b04f-1816a3a2fae7.zip?GoogleAccessId=service-387721645160@gcf-admin-robot.iam.gserviceaccount.com&Expires=1771918543&Signature=x4bDEvukn6THi%2BhKBWbRm%2BEnaL2LOLvBeevGG5wGvnS18jROMJGPpO8TuzbeyX1AEO3Bc77ddkFHvS%2FHon0p4aherlMyPnlkYQOgcZSevvgDHa%2BgcOV%2Fd9IlGn%2BaT3myZbsyN8jbljf6SW%2BF53BXy4337CN4D6AqkneZCrmWCtBNTpmWvp3RquJZLMCVAvLMHp3NW4er1o6IratcwHdy3LIlJmSJTCQK8FogWzWIkSzVyiB70HQmPmPZ%2FWBPK6KA4%2BbjSrGsqNR2WhXXmMKQDO1vfOcThZVSbZVSOh9GeAjXCG4FBWqMRZjW6tGfH%2BYFV%2FzbNFjXKtwsmc4ftFJweg%3D%3D","environmentVariables":{"BACKEND_URL":"https://360coordinates.com/backend","BACKEND_FCM_SECRET":"V1d2a3n4t@2020","FIREBASE_CONFIG":"{\"projectId\":\"my-chat-box-ec5b0\",\"storageBucket\":\"my-chat-box-ec5b0.firebasestorage.app\"}","GCLOUD_PROJECT":"my-chat-box-ec5b0","EVENTARC_CLOUD_EVENT_SOURCE":"projects/my-chat-box-ec5b0/locations/us-central1/functions/onChatMessageCreated"},"runtime":"nodejs22","buildId":"0c476e92-092f-47c5-9433-93b8e38b7443","buildEnvironmentVariables":{"GOOGLE_NODE_RUN_SCRIPTS":""},"buildName":"projects/387721645160/locations/us-central1/builds/0c476e92-092f-47c5-9433-93b8e38b7443","dockerRegistry":"ARTIFACT_REGISTRY","automaticUpdatePolicy":{},"buildServiceAccount":"projects/my-chat-box-ec5b0/serviceAccounts/387721645160-compute@developer.gserviceaccount.com"},"versionId":"5","updateTime":"2026-02-24T07:05:45Z","buildId":"96e86609-8093-4bf0-b45e-e2f6033b0b6c","buildName":"projects/387721645160/locations/us-central1/builds/96e86609-8093-4bf0-b45e-e2f6033b0b6c"}}
[debug] [2026-02-24T07:06:13.893Z] [update-default-us-central1-onChatMessageCreated] Retrying task index 0
[debug] [2026-02-24T07:06:13.894Z] Checked if tokens are valid: true, expires at: 1771920329236
[debug] [2026-02-24T07:06:13.894Z] Checked if tokens are valid: true, expires at: 1771920329236
[debug] [2026-02-24T07:06:13.894Z] >>> [apiv2][query] GET https://cloudfunctions.googleapis.com/v1/operations/bXktY2hhdC1ib3gtZWM1YjAvdXMtY2VudHJhbDEvb25DaGF0TWVzc2FnZUNyZWF0ZWQvUWRwbDFGX3ZraFU [none]
[debug] [2026-02-24T07:06:14.327Z] <<< [apiv2][status] GET https://cloudfunctions.googleapis.com/v1/operations/bXktY2hhdC1ib3gtZWM1YjAvdXMtY2VudHJhbDEvb25DaGF0TWVzc2FnZUNyZWF0ZWQvUWRwbDFGX3ZraFU 200
[debug] [2026-02-24T07:06:14.327Z] <<< [apiv2][body] GET https://cloudfunctions.googleapis.com/v1/operations/bXktY2hhdC1ib3gtZWM1YjAvdXMtY2VudHJhbDEvb25DaGF0TWVzc2FnZUNyZWF0ZWQvUWRwbDFGX3ZraFU {"name":"operations/bXktY2hhdC1ib3gtZWM1YjAvdXMtY2VudHJhbDEvb25DaGF0TWVzc2FnZUNyZWF0ZWQvUWRwbDFGX3ZraFU","metadata":{"@type":"type.googleapis.com/google.cloud.functions.v1.OperationMetadataV1","target":"projects/my-chat-box-ec5b0/locations/us-central1/functions/onChatMessageCreated","type":"UPDATE_FUNCTION","request":{"@type":"type.googleapis.com/google.cloud.functions.v1.CloudFunction","name":"projects/my-chat-box-ec5b0/locations/us-central1/functions/onChatMessageCreated","eventTrigger":{"eventType":"providers/cloud.firestore/eventTypes/document.create","resource":"projects/my-chat-box-ec5b0/databases/(default)/documents/chats/{chatRoomId}/messages/{messageId}","service":"firestore.googleapis.com"},"status":"ACTIVE","entryPoint":"onChatMessageCreated","updateTime":"2026-02-24T06:57:40.106Z","versionId":"4","labels":{"deployment-tool":"cli-firebase","firebase-functions-hash":"d006fb6355694193f78df45ad0dbcb3061b2d628"},"sourceUploadUrl":"https://storage.googleapis.com/uploads-249802210469.us-central1.cloudfunctions.appspot.com/fda50403-a5cb-4ee8-b04f-1816a3a2fae7.zip?GoogleAccessId=service-387721645160@gcf-admin-robot.iam.gserviceaccount.com&Expires=1771918543&Signature=x4bDEvukn6THi%2BhKBWbRm%2BEnaL2LOLvBeevGG5wGvnS18jROMJGPpO8TuzbeyX1AEO3Bc77ddkFHvS%2FHon0p4aherlMyPnlkYQOgcZSevvgDHa%2BgcOV%2Fd9IlGn%2BaT3myZbsyN8jbljf6SW%2BF53BXy4337CN4D6AqkneZCrmWCtBNTpmWvp3RquJZLMCVAvLMHp3NW4er1o6IratcwHdy3LIlJmSJTCQK8FogWzWIkSzVyiB70HQmPmPZ%2FWBPK6KA4%2BbjSrGsqNR2WhXXmMKQDO1vfOcThZVSbZVSOh9GeAjXCG4FBWqMRZjW6tGfH%2BYFV%2FzbNFjXKtwsmc4ftFJweg%3D%3D","environmentVariables":{"BACKEND_URL":"https://360coordinates.com/backend","BACKEND_FCM_SECRET":"V1d2a3n4t@2020","FIREBASE_CONFIG":"{\"projectId\":\"my-chat-box-ec5b0\",\"storageBucket\":\"my-chat-box-ec5b0.firebasestorage.app\"}","GCLOUD_PROJECT":"my-chat-box-ec5b0","EVENTARC_CLOUD_EVENT_SOURCE":"projects/my-chat-box-ec5b0/locations/us-central1/functions/onChatMessageCreated"},"runtime":"nodejs22","buildId":"0c476e92-092f-47c5-9433-93b8e38b7443","buildEnvironmentVariables":{"GOOGLE_NODE_RUN_SCRIPTS":""},"buildName":"projects/387721645160/locations/us-central1/builds/0c476e92-092f-47c5-9433-93b8e38b7443","dockerRegistry":"ARTIFACT_REGISTRY","automaticUpdatePolicy":{},"buildServiceAccount":"projects/my-chat-box-ec5b0/serviceAccounts/387721645160-compute@developer.gserviceaccount.com"},"versionId":"5","updateTime":"2026-02-24T07:05:45Z","buildId":"96e86609-8093-4bf0-b45e-e2f6033b0b6c","buildName":"projects/387721645160/locations/us-central1/builds/96e86609-8093-4bf0-b45e-e2f6033b0b6c"}}
[debug] [2026-02-24T07:06:24.329Z] [update-default-us-central1-onChatMessageCreated] Retrying task index 0
[debug] [2026-02-24T07:06:24.329Z] Checked if tokens are valid: true, expires at: 1771920329236
[debug] [2026-02-24T07:06:24.329Z] Checked if tokens are valid: true, expires at: 1771920329236
[debug] [2026-02-24T07:06:24.330Z] >>> [apiv2][query] GET https://cloudfunctions.googleapis.com/v1/operations/bXktY2hhdC1ib3gtZWM1YjAvdXMtY2VudHJhbDEvb25DaGF0TWVzc2FnZUNyZWF0ZWQvUWRwbDFGX3ZraFU [none]
[debug] [2026-02-24T07:06:24.743Z] <<< [apiv2][status] GET https://cloudfunctions.googleapis.com/v1/operations/bXktY2hhdC1ib3gtZWM1YjAvdXMtY2VudHJhbDEvb25DaGF0TWVzc2FnZUNyZWF0ZWQvUWRwbDFGX3ZraFU 200
[debug] [2026-02-24T07:06:24.744Z] <<< [apiv2][body] GET https://cloudfunctions.googleapis.com/v1/operations/bXktY2hhdC1ib3gtZWM1YjAvdXMtY2VudHJhbDEvb25DaGF0TWVzc2FnZUNyZWF0ZWQvUWRwbDFGX3ZraFU {"name":"operations/bXktY2hhdC1ib3gtZWM1YjAvdXMtY2VudHJhbDEvb25DaGF0TWVzc2FnZUNyZWF0ZWQvUWRwbDFGX3ZraFU","metadata":{"@type":"type.googleapis.com/google.cloud.functions.v1.OperationMetadataV1","target":"projects/my-chat-box-ec5b0/locations/us-central1/functions/onChatMessageCreated","type":"UPDATE_FUNCTION","request":{"@type":"type.googleapis.com/google.cloud.functions.v1.CloudFunction","name":"projects/my-chat-box-ec5b0/locations/us-central1/functions/onChatMessageCreated","eventTrigger":{"eventType":"providers/cloud.firestore/eventTypes/document.create","resource":"projects/my-chat-box-ec5b0/databases/(default)/documents/chats/{chatRoomId}/messages/{messageId}","service":"firestore.googleapis.com"},"status":"ACTIVE","entryPoint":"onChatMessageCreated","updateTime":"2026-02-24T06:57:40.106Z","versionId":"4","labels":{"deployment-tool":"cli-firebase","firebase-functions-hash":"d006fb6355694193f78df45ad0dbcb3061b2d628"},"sourceUploadUrl":"https://storage.googleapis.com/uploads-249802210469.us-central1.cloudfunctions.appspot.com/fda50403-a5cb-4ee8-b04f-1816a3a2fae7.zip?GoogleAccessId=service-387721645160@gcf-admin-robot.iam.gserviceaccount.com&Expires=1771918543&Signature=x4bDEvukn6THi%2BhKBWbRm%2BEnaL2LOLvBeevGG5wGvnS18jROMJGPpO8TuzbeyX1AEO3Bc77ddkFHvS%2FHon0p4aherlMyPnlkYQOgcZSevvgDHa%2BgcOV%2Fd9IlGn%2BaT3myZbsyN8jbljf6SW%2BF53BXy4337CN4D6AqkneZCrmWCtBNTpmWvp3RquJZLMCVAvLMHp3NW4er1o6IratcwHdy3LIlJmSJTCQK8FogWzWIkSzVyiB70HQmPmPZ%2FWBPK6KA4%2BbjSrGsqNR2WhXXmMKQDO1vfOcThZVSbZVSOh9GeAjXCG4FBWqMRZjW6tGfH%2BYFV%2FzbNFjXKtwsmc4ftFJweg%3D%3D","environmentVariables":{"BACKEND_URL":"https://360coordinates.com/backend","BACKEND_FCM_SECRET":"V1d2a3n4t@2020","FIREBASE_CONFIG":"{\"projectId\":\"my-chat-box-ec5b0\",\"storageBucket\":\"my-chat-box-ec5b0.firebasestorage.app\"}","GCLOUD_PROJECT":"my-chat-box-ec5b0","EVENTARC_CLOUD_EVENT_SOURCE":"projects/my-chat-box-ec5b0/locations/us-central1/functions/onChatMessageCreated"},"runtime":"nodejs22","buildId":"0c476e92-092f-47c5-9433-93b8e38b7443","buildEnvironmentVariables":{"GOOGLE_NODE_RUN_SCRIPTS":""},"buildName":"projects/387721645160/locations/us-central1/builds/0c476e92-092f-47c5-9433-93b8e38b7443","dockerRegistry":"ARTIFACT_REGISTRY","automaticUpdatePolicy":{},"buildServiceAccount":"projects/my-chat-box-ec5b0/serviceAccounts/387721645160-compute@developer.gserviceaccount.com"},"versionId":"5","updateTime":"2026-02-24T07:06:22Z","buildId":"96e86609-8093-4bf0-b45e-e2f6033b0b6c","buildName":"projects/387721645160/locations/us-central1/builds/96e86609-8093-4bf0-b45e-e2f6033b0b6c"},"done":true,"error":{"code":3,"message":"Build failed: npm error code EUSAGE\nnpm error\nnpm error `npm ci` can only install packages when your package.json and package-lock.json or npm-shrinkwrap.json are in sync. Please update your lock file with `npm install` before continuing.\nnpm error\nnpm error Missing: @types/markdown-it@14.1.2 from lock file\nnpm error Missing: markdown-it@14.1.1 from lock file\nnpm error\nnpm error Clean install a project\nnpm error\nnpm error Usage:\nnpm error npm ci\nnpm error\nnpm error Options:\nnpm error [--install-strategy <hoisted|nested|shallow|linked>] [--legacy-bundling]\nnpm error [--global-style] [--omit <dev|optional|peer> [--omit <dev|optional|peer> ...]]\nnpm error [--include <prod|dev|optional|peer> [--include <prod|dev|optional|peer> ...]]\nnpm error [--strict-peer-deps] [--foreground-scripts] [--ignore-scripts] [--no-audit]\nnpm error [--no-bin-links] [--no-fund] [--dry-run]\nnpm error [-w|--workspace <workspace-name> [-w|--workspace <workspace-name> ...]]\nnpm error [-ws|--workspaces] [--include-workspace-root] [--install-links]\nnpm error\nnpm error aliases: clean-install, ic, install-clean, isntall-clean\nnpm error\nnpm error Run \"npm help ci\" for more info\nnpm error A complete log of this run can be found in: /www-data-home/.npm/_logs/2026-02-24T07_06_06_650Z-debug-0.log; Error ID: 7fa33aaa"}}
[debug] [2026-02-24T07:06:24.744Z] Got source token undefined for region us-central1
[error] Build failed: npm error code EUSAGE
npm error
npm error `npm ci` can only install packages when your package.json and package-lock.json or npm-shrinkwrap.json are in sync. Please update your lock file with `npm install` before continuing.
npm error
npm error Missing: @types/markdown-it@14.1.2 from lock file
npm error Missing: markdown-it@14.1.1 from lock file
npm error
npm error Clean install a project
npm error
npm error Usage:
npm error npm ci
npm error
npm error Options:
npm error [--install-strategy <hoisted|nested|shallow|linked>] [--legacy-bundling]
npm error [--global-style] [--omit <dev|optional|peer> [--omit <dev|optional|peer> ...]]
npm error [--include <prod|dev|optional|peer> [--include <prod|dev|optional|peer> ...]]
npm error [--strict-peer-deps] [--foreground-scripts] [--ignore-scripts] [--no-audit]
npm error [--no-bin-links] [--no-fund] [--dry-run]
npm error [-w|--workspace <workspace-name> [-w|--workspace <workspace-name> ...]]
npm error [-ws|--workspaces] [--include-workspace-root] [--install-links]
npm error
npm error aliases: clean-install, ic, install-clean, isntall-clean
npm error
npm error Run "npm help ci" for more info
npm error A complete log of this run can be found in: /www-data-home/.npm/_logs/2026-02-24T07_06_06_650Z-debug-0.log; Error ID: 7fa33aaa
[debug] [2026-02-24T07:06:24.749Z] Total Function Deployment time: 39754
[debug] [2026-02-24T07:06:24.749Z] 1 Functions Deployed
[debug] [2026-02-24T07:06:24.750Z] 1 Functions Errored
[debug] [2026-02-24T07:06:24.750Z] 0 Function Deployments Aborted
[debug] [2026-02-24T07:06:24.750Z] Average Function Deployment time: 39753
[info] 
[info] Functions deploy had errors with the following functions:
	onChatMessageCreated(us-central1)
[debug] [2026-02-24T07:06:24.844Z] Checked if tokens are valid: true, expires at: 1771920329236
[debug] [2026-02-24T07:06:24.845Z] Checked if tokens are valid: true, expires at: 1771920329236
[debug] [2026-02-24T07:06:24.845Z] >>> [apiv2][query] GET https://artifactregistry.googleapis.com/v1/projects/my-chat-box-ec5b0/locations/us-central1/repositories/gcf-artifacts [none]
[debug] [2026-02-24T07:06:26.193Z] <<< [apiv2][status] GET https://artifactregistry.googleapis.com/v1/projects/my-chat-box-ec5b0/locations/us-central1/repositories/gcf-artifacts 200
[debug] [2026-02-24T07:06:26.194Z] <<< [apiv2][body] GET https://artifactregistry.googleapis.com/v1/projects/my-chat-box-ec5b0/locations/us-central1/repositories/gcf-artifacts {"name":"projects/my-chat-box-ec5b0/locations/us-central1/repositories/gcf-artifacts","format":"DOCKER","description":"This repository is created and used by Cloud Functions for storing function docker images.","labels":{"goog-managed-by":"cloudfunctions"},"createTime":"2026-02-24T06:16:41.838437Z","updateTime":"2026-02-24T07:06:23.098273Z","mode":"STANDARD_REPOSITORY","cleanupPolicies":{"firebase-functions-cleanup":{"id":"firebase-functions-cleanup","action":"DELETE","condition":{"tagState":"ANY","olderThan":"86400s"}}},"sizeBytes":"562556278","vulnerabilityScanningConfig":{"lastEnableTime":"2026-02-24T06:16:32.601935456Z","enablementState":"SCANNING_DISABLED","enablementStateReason":"API containerscanning.googleapis.com is not enabled."},"satisfiesPzi":true,"registryUri":"us-central1-docker.pkg.dev/my-chat-box-ec5b0/gcf-artifacts"}
[debug] [2026-02-24T07:06:26.194Z] Functions deploy failed.
[debug] [2026-02-24T07:06:26.194Z] {
  "endpoint": {
    "id": "onChatMessageCreated",
    "project": "my-chat-box-ec5b0",
    "region": "us-central1",
    "entryPoint": "onChatMessageCreated",
    "platform": "gcfv1",
    "runtime": "nodejs22",
    "eventTrigger": {
      "eventType": "providers/cloud.firestore/eventTypes/document.create",
      "retry": false,
      "eventFilters": {
        "resource": "projects/my-chat-box-ec5b0/databases/(default)/documents/chats/{chatRoomId}/messages/{messageId}"
      }
    },
    "labels": {
      "deployment-tool": "cli-firebase"
    },
    "serviceAccount": null,
    "ingressSettings": null,
    "availableMemoryMb": null,
    "timeoutSeconds": null,
    "maxInstances": null,
    "minInstances": null,
    "vpc": null,
    "environmentVariables": {
      "BACKEND_URL": "https://360coordinates.com/backend",
      "BACKEND_FCM_SECRET": "V1d2a3n4t@2020",
      "FIREBASE_CONFIG": "{\"projectId\":\"my-chat-box-ec5b0\",\"storageBucket\":\"my-chat-box-ec5b0.firebasestorage.app\"}",
      "GCLOUD_PROJECT": "my-chat-box-ec5b0",
      "EVENTARC_CLOUD_EVENT_SOURCE": "projects/my-chat-box-ec5b0/locations/us-central1/functions/onChatMessageCreated"
    },
    "codebase": "default",
    "securityLevel": "SECURE_ALWAYS",
    "targetedByOnly": false,
    "hash": "d006fb6355694193f78df45ad0dbcb3061b2d628"
  },
  "op": "update",
  "original": {
    "name": "FirebaseError",
    "children": [],
    "exit": 1,
    "message": "Build failed: npm error code EUSAGE\nnpm error\nnpm error `npm ci` can only install packages when your package.json and package-lock.json or npm-shrinkwrap.json are in sync. Please update your lock file with `npm install` before continuing.\nnpm error\nnpm error Missing: @types/markdown-it@14.1.2 from lock file\nnpm error Missing: markdown-it@14.1.1 from lock file\nnpm error\nnpm error Clean install a project\nnpm error\nnpm error Usage:\nnpm error npm ci\nnpm error\nnpm error Options:\nnpm error [--install-strategy <hoisted|nested|shallow|linked>] [--legacy-bundling]\nnpm error [--global-style] [--omit <dev|optional|peer> [--omit <dev|optional|peer> ...]]\nnpm error [--include <prod|dev|optional|peer> [--include <prod|dev|optional|peer> ...]]\nnpm error [--strict-peer-deps] [--foreground-scripts] [--ignore-scripts] [--no-audit]\nnpm error [--no-bin-links] [--no-fund] [--dry-run]\nnpm error [-w|--workspace <workspace-name> [-w|--workspace <workspace-name> ...]]\nnpm error [-ws|--workspaces] [--include-workspace-root] [--install-links]\nnpm error\nnpm error aliases: clean-install, ic, install-clean, isntall-clean\nnpm error\nnpm error Run \"npm help ci\" for more info\nnpm error A complete log of this run can be found in: /www-data-home/.npm/_logs/2026-02-24T07_06_06_650Z-debug-0.log; Error ID: 7fa33aaa",
    "original": {
      "code": 3,
      "message": "Build failed: npm error code EUSAGE\nnpm error\nnpm error `npm ci` can only install packages when your package.json and package-lock.json or npm-shrinkwrap.json are in sync. Please update your lock file with `npm install` before continuing.\nnpm error\nnpm error Missing: @types/markdown-it@14.1.2 from lock file\nnpm error Missing: markdown-it@14.1.1 from lock file\nnpm error\nnpm error Clean install a project\nnpm error\nnpm error Usage:\nnpm error npm ci\nnpm error\nnpm error Options:\nnpm error [--install-strategy <hoisted|nested|shallow|linked>] [--legacy-bundling]\nnpm error [--global-style] [--omit <dev|optional|peer> [--omit <dev|optional|peer> ...]]\nnpm error [--include <prod|dev|optional|peer> [--include <prod|dev|optional|peer> ...]]\nnpm error [--strict-peer-deps] [--foreground-scripts] [--ignore-scripts] [--no-audit]\nnpm error [--no-bin-links] [--no-fund] [--dry-run]\nnpm error [-w|--workspace <workspace-name> [-w|--workspace <workspace-name> ...]]\nnpm error [-ws|--workspaces] [--include-workspace-root] [--install-links]\nnpm error\nnpm error aliases: clean-install, ic, install-clean, isntall-clean\nnpm error\nnpm error Run \"npm help ci\" for more info\nnpm error A complete log of this run can be found in: /www-data-home/.npm/_logs/2026-02-24T07_06_06_650Z-debug-0.log; Error ID: 7fa33aaa"
    },
    "status": 3,
    "code": 3
  }
}
[debug] [2026-02-24T07:06:26.269Z] Error: Failed to update function onChatMessageCreated in region us-central1
    at /Users/vedantlights/.npm/_npx/7750544ccf494d8b/node_modules/firebase-tools/lib/deploy/functions/release/fabricator.js:54:11
    at process.processTicksAndRejections (node:internal/process/task_queues:103:5)
    at async Fabricator.updateV1Function (/Users/vedantlights/.npm/_npx/7750544ccf494d8b/node_modules/firebase-tools/lib/deploy/functions/release/fabricator.js:384:32)
    at async Fabricator.updateEndpoint (/Users/vedantlights/.npm/_npx/7750544ccf494d8b/node_modules/firebase-tools/lib/deploy/functions/release/fabricator.js:157:13)
    at async handle (/Users/vedantlights/.npm/_npx/7750544ccf494d8b/node_modules/firebase-tools/lib/deploy/functions/release/fabricator.js:91:17)
[error] 
[error] Error: There was an error deploying functions
